#
# There is insufficient memory for the Java Runtime Environment to continue.
# Native memory allocation (malloc) failed to allocate 1213776 bytes for Chunk::new
# Possible reasons:
#   The system is out of physical RAM or swap space
#   The process is running with CompressedOops enabled, and the Java Heap may be blocking the growth of the native heap
# Possible solutions:
#   Reduce memory load on the system
#   Increase physical memory or swap space
#   Check if swap backing store is full
#   Decrease Java heap size (-Xmx/-Xms)
#   Decrease number of Java threads
#   Decrease Java thread stack sizes (-Xss)
#   Set larger code cache with -XX:ReservedCodeCacheSize=
#   JVM is running with Unscaled Compressed Oops mode in which the Java heap is
#     placed in the first 4GB address space. The Java Heap base address is the
#     maximum limit for the native heap growth. Please use -XX:HeapBaseMinAddress
#     to set the Java Heap base and to place the Java Heap above 4GB virtual address.
# This output file may be truncated or incomplete.
#
#  Out of Memory Error (arena.cpp:189), pid=2460, tid=6112
#
# JRE version: OpenJDK Runtime Environment Temurin-17.0.8+7 (17.0.8+7) (build 17.0.8+7)
# Java VM: OpenJDK 64-Bit Server VM Temurin-17.0.8+7 (17.0.8+7, mixed mode, sharing, tiered, compressed oops, compressed class ptrs, g1 gc, windows-amd64)
# No core dump will be written. Minidumps are not enabled by default on client versions of Windows
#

---------------  S U M M A R Y ------------

Command Line: -XX:+ShowCodeDetailsInExceptionMessages Main

Host: 11th Gen Intel(R) Core(TM) i5-1135G7 @ 2.40GHz, 8 cores, 7G,  Windows 11 , 64 bit Build 22621 (10.0.22621.3235)
Time: Wed Mar  6 06:26:14 2024 Afrique de l, 64 bit Build 22621 (10.0.22621.3235) elapsed time: 514.010513 seconds (0d 0h 8m 34s)

---------------  T H R E A D  ---------------

Current thread (0x000001a83288f370):  JavaThread "C2 CompilerThread0" daemon [_thread_in_native, id=6112, stack(0x0000006bb7500000,0x0000006bb7600000)]


Current CompileTask:
C2: 514010 1545   !   4       com.sun.org.apache.xerces.internal.impl.XMLDocumentFragmentScannerImpl$FragmentContentDriver::next (2331 bytes)

Stack: [0x0000006bb7500000,0x0000006bb7600000]
Native frames: (J=compiled Java code, j=interpreted, Vv=VM code, C=native code)
V  [jvm.dll+0x678b0a]
V  [jvm.dll+0x835e84]
V  [jvm.dll+0x83762e]
V  [jvm.dll+0x837c93]
V  [jvm.dll+0x24746f]
V  [jvm.dll+0xac20c]
V  [jvm.dll+0xac7dc]
V  [jvm.dll+0x365c52]
V  [jvm.dll+0x3301a1]
V  [jvm.dll+0x32f64a]
V  [jvm.dll+0x219bf1]
V  [jvm.dll+0x219011]
V  [jvm.dll+0x1a534d]
V  [jvm.dll+0x228d8a]
V  [jvm.dll+0x226dcc]
V  [jvm.dll+0x7ec09b]
V  [jvm.dll+0x7e64ca]
V  [jvm.dll+0x677955]
C  [ucrtbase.dll+0x29363]
C  [KERNEL32.DLL+0x1257d]
C  [ntdll.dll+0x5aa58]


---------------  P R O C E S S  ---------------

Threads class SMR info:
_java_thread_list=0x000001a87848e9d0, length=13, elements={
0x000001a8124cbfa0, 0x000001a83286dbf0, 0x000001a83286e7b0, 0x000001a832888260,
0x000001a832888e20, 0x000001a83288bbf0, 0x000001a83288c5b0, 0x000001a83288f370,
0x000001a832890d40, 0x000001a832896a40, 0x000001a832af4ee0, 0x000001a832afcae0,
0x000001a832ca3010
}

Java Threads: ( => current thread )
  0x000001a8124cbfa0 JavaThread "main" [_thread_in_native, id=9196, stack(0x0000006bb6800000,0x0000006bb6900000)]
  0x000001a83286dbf0 JavaThread "Reference Handler" daemon [_thread_blocked, id=4012, stack(0x0000006bb6f00000,0x0000006bb7000000)]
  0x000001a83286e7b0 JavaThread "Finalizer" daemon [_thread_blocked, id=9456, stack(0x0000006bb7000000,0x0000006bb7100000)]
  0x000001a832888260 JavaThread "Signal Dispatcher" daemon [_thread_blocked, id=5336, stack(0x0000006bb7100000,0x0000006bb7200000)]
  0x000001a832888e20 JavaThread "Attach Listener" daemon [_thread_blocked, id=5644, stack(0x0000006bb7200000,0x0000006bb7300000)]
  0x000001a83288bbf0 JavaThread "Service Thread" daemon [_thread_blocked, id=8024, stack(0x0000006bb7300000,0x0000006bb7400000)]
  0x000001a83288c5b0 JavaThread "Monitor Deflation Thread" daemon [_thread_blocked, id=9920, stack(0x0000006bb7400000,0x0000006bb7500000)]
=>0x000001a83288f370 JavaThread "C2 CompilerThread0" daemon [_thread_in_native, id=6112, stack(0x0000006bb7500000,0x0000006bb7600000)]
  0x000001a832890d40 JavaThread "C1 CompilerThread0" daemon [_thread_in_vm, id=13052, stack(0x0000006bb7600000,0x0000006bb7700000)]
  0x000001a832896a40 JavaThread "Sweeper thread" daemon [_thread_blocked, id=5860, stack(0x0000006bb7700000,0x0000006bb7800000)]
  0x000001a832af4ee0 JavaThread "Notification Thread" daemon [_thread_blocked, id=9172, stack(0x0000006bb7800000,0x0000006bb7900000)]
  0x000001a832afcae0 JavaThread "Common-Cleaner" daemon [_thread_blocked, id=3920, stack(0x0000006bb7a00000,0x0000006bb7b00000)]
  0x000001a832ca3010 JavaThread "C2 CompilerThread1" daemon [_thread_in_native, id=7060, stack(0x0000006bb6600000,0x0000006bb6700000)]

Other Threads:
  0x000001a832868570 VMThread "VM Thread" [stack: 0x0000006bb6e00000,0x0000006bb6f00000] [id=14116]
  0x000001a832af57d0 WatcherThread [stack: 0x0000006bb7900000,0x0000006bb7a00000] [id=5656]
  0x000001a814656690 GCTaskThread "GC Thread#0" [stack: 0x0000006bb6900000,0x0000006bb6a00000] [id=4284]
  0x000001a8786b9120 GCTaskThread "GC Thread#1" [stack: 0x0000006bb7c00000,0x0000006bb7d00000] [id=10260]
  0x000001a8786b93e0 GCTaskThread "GC Thread#2" [stack: 0x0000006bb7d00000,0x0000006bb7e00000] [id=8392]
  0x000001a87847b0f0 GCTaskThread "GC Thread#3" [stack: 0x0000006bb7e00000,0x0000006bb7f00000] [id=13348]
  0x000001a87847b3b0 GCTaskThread "GC Thread#4" [stack: 0x0000006bb7f00000,0x0000006bb8000000] [id=14172]
  0x000001a8785daf40 GCTaskThread "GC Thread#5" [stack: 0x0000006bb8000000,0x0000006bb8100000] [id=1916]
  0x000001a8785db200 GCTaskThread "GC Thread#6" [stack: 0x0000006bb8100000,0x0000006bb8200000] [id=11424]
  0x000001a8785db4c0 GCTaskThread "GC Thread#7" [stack: 0x0000006bb8200000,0x0000006bb8300000] [id=1732]
  0x000001a814666fa0 ConcurrentGCThread "G1 Main Marker" [stack: 0x0000006bb6a00000,0x0000006bb6b00000] [id=7632]
  0x000001a8146679b0 ConcurrentGCThread "G1 Conc#0" [stack: 0x0000006bb6b00000,0x0000006bb6c00000] [id=1700]
  0x000001a8146ae3e0 ConcurrentGCThread "G1 Refine#0" [stack: 0x0000006bb6c00000,0x0000006bb6d00000] [id=10040]
  0x000001a8327224d0 ConcurrentGCThread "G1 Service" [stack: 0x0000006bb6d00000,0x0000006bb6e00000] [id=4528]

Threads with active compile tasks:
C2 CompilerThread0   514036 1545   !   4       com.sun.org.apache.xerces.internal.impl.XMLDocumentFragmentScannerImpl$FragmentContentDriver::next (2331 bytes)
C2 CompilerThread1   514036 1613       4       sun.nio.cs.SingleByte$Encoder::encode (32 bytes)

VM state: not at safepoint (normal execution)

VM Mutex/Monitor currently owned by a thread:  ([mutex/lock_event])
[0x000001a81240abb0] CodeCache_lock - owner thread: 0x0000000000000000

Heap address: 0x0000000083200000, size: 1998 MB, Compressed Oops mode: 32-bit

CDS archive(s) mapped at: [0x000001a833000000-0x000001a833bd0000-0x000001a833bd0000), size 12386304, SharedBaseAddress: 0x000001a833000000, ArchiveRelocationMode: 1.
Compressed class space mapped at: 0x000001a834000000-0x000001a874000000, reserved size: 1073741824
Narrow klass base: 0x000001a833000000, Narrow klass shift: 0, Narrow klass range: 0x100000000

GC Precious Log:
 CPUs: 8 total, 8 available
 Memory: 7987M
 Large Page Support: Disabled
 NUMA Support: Disabled
 Compressed Oops: Enabled (32-bit)
 Heap Region Size: 1M
 Heap Min Capacity: 8M
 Heap Initial Capacity: 126M
 Heap Max Capacity: 1998M
 Pre-touch: Disabled
 Parallel Workers: 8
 Concurrent Workers: 2
 Concurrent Refinement Workers: 8
 Periodic GC: Disabled

Heap:
 garbage-first heap   total 129024K, used 16298K [0x0000000083200000, 0x0000000100000000)
  region size 1024K, 17 young (17408K), 3 survivors (3072K)
 Metaspace       used 6287K, committed 6464K, reserved 1114112K
  class space    used 579K, committed 640K, reserved 1048576K

Heap Regions: E=young(eden), S=young(survivor), O=old, HS=humongous(starts), HC=humongous(continues), CS=collection set, F=free, OA=open archive, CA=closed archive, TAMS=top-at-mark-start (previous, next)
|   0|0x0000000083200000, 0x0000000083200000, 0x0000000083300000|  0%| F|  |TAMS 0x0000000083200000, 0x0000000083200000| Untracked 
|   1|0x0000000083300000, 0x0000000083300000, 0x0000000083400000|  0%| F|  |TAMS 0x0000000083300000, 0x0000000083300000| Untracked 
|   2|0x0000000083400000, 0x0000000083400000, 0x0000000083500000|  0%| F|  |TAMS 0x0000000083400000, 0x0000000083400000| Untracked 
|   3|0x0000000083500000, 0x0000000083500000, 0x0000000083600000|  0%| F|  |TAMS 0x0000000083500000, 0x0000000083500000| Untracked 
|   4|0x0000000083600000, 0x0000000083600000, 0x0000000083700000|  0%| F|  |TAMS 0x0000000083600000, 0x0000000083600000| Untracked 
|   5|0x0000000083700000, 0x0000000083700000, 0x0000000083800000|  0%| F|  |TAMS 0x0000000083700000, 0x0000000083700000| Untracked 
|   6|0x0000000083800000, 0x0000000083800000, 0x0000000083900000|  0%| F|  |TAMS 0x0000000083800000, 0x0000000083800000| Untracked 
|   7|0x0000000083900000, 0x0000000083900000, 0x0000000083a00000|  0%| F|  |TAMS 0x0000000083900000, 0x0000000083900000| Untracked 
|   8|0x0000000083a00000, 0x0000000083a00000, 0x0000000083b00000|  0%| F|  |TAMS 0x0000000083a00000, 0x0000000083a00000| Untracked 
|   9|0x0000000083b00000, 0x0000000083b00000, 0x0000000083c00000|  0%| F|  |TAMS 0x0000000083b00000, 0x0000000083b00000| Untracked 
|  10|0x0000000083c00000, 0x0000000083c00000, 0x0000000083d00000|  0%| F|  |TAMS 0x0000000083c00000, 0x0000000083c00000| Untracked 
|  11|0x0000000083d00000, 0x0000000083d00000, 0x0000000083e00000|  0%| F|  |TAMS 0x0000000083d00000, 0x0000000083d00000| Untracked 
|  12|0x0000000083e00000, 0x0000000083e00000, 0x0000000083f00000|  0%| F|  |TAMS 0x0000000083e00000, 0x0000000083e00000| Untracked 
|  13|0x0000000083f00000, 0x0000000083f00000, 0x0000000084000000|  0%| F|  |TAMS 0x0000000083f00000, 0x0000000083f00000| Untracked 
|  14|0x0000000084000000, 0x0000000084000000, 0x0000000084100000|  0%| F|  |TAMS 0x0000000084000000, 0x0000000084000000| Untracked 
|  15|0x0000000084100000, 0x0000000084100000, 0x0000000084200000|  0%| F|  |TAMS 0x0000000084100000, 0x0000000084100000| Untracked 
|  16|0x0000000084200000, 0x0000000084200000, 0x0000000084300000|  0%| F|  |TAMS 0x0000000084200000, 0x0000000084200000| Untracked 
|  17|0x0000000084300000, 0x0000000084300000, 0x0000000084400000|  0%| F|  |TAMS 0x0000000084300000, 0x0000000084300000| Untracked 
|  18|0x0000000084400000, 0x0000000084400000, 0x0000000084500000|  0%| F|  |TAMS 0x0000000084400000, 0x0000000084400000| Untracked 
|  19|0x0000000084500000, 0x0000000084500000, 0x0000000084600000|  0%| F|  |TAMS 0x0000000084500000, 0x0000000084500000| Untracked 
|  20|0x0000000084600000, 0x0000000084600000, 0x0000000084700000|  0%| F|  |TAMS 0x0000000084600000, 0x0000000084600000| Untracked 
|  21|0x0000000084700000, 0x0000000084700000, 0x0000000084800000|  0%| F|  |TAMS 0x0000000084700000, 0x0000000084700000| Untracked 
|  22|0x0000000084800000, 0x0000000084800000, 0x0000000084900000|  0%| F|  |TAMS 0x0000000084800000, 0x0000000084800000| Untracked 
|  23|0x0000000084900000, 0x0000000084900000, 0x0000000084a00000|  0%| F|  |TAMS 0x0000000084900000, 0x0000000084900000| Untracked 
|  24|0x0000000084a00000, 0x0000000084a00000, 0x0000000084b00000|  0%| F|  |TAMS 0x0000000084a00000, 0x0000000084a00000| Untracked 
|  25|0x0000000084b00000, 0x0000000084b00000, 0x0000000084c00000|  0%| F|  |TAMS 0x0000000084b00000, 0x0000000084b00000| Untracked 
|  26|0x0000000084c00000, 0x0000000084c00000, 0x0000000084d00000|  0%| F|  |TAMS 0x0000000084c00000, 0x0000000084c00000| Untracked 
|  27|0x0000000084d00000, 0x0000000084d00000, 0x0000000084e00000|  0%| F|  |TAMS 0x0000000084d00000, 0x0000000084d00000| Untracked 
|  28|0x0000000084e00000, 0x0000000084e00000, 0x0000000084f00000|  0%| F|  |TAMS 0x0000000084e00000, 0x0000000084e00000| Untracked 
|  29|0x0000000084f00000, 0x0000000084f00000, 0x0000000085000000|  0%| F|  |TAMS 0x0000000084f00000, 0x0000000084f00000| Untracked 
|  30|0x0000000085000000, 0x0000000085000000, 0x0000000085100000|  0%| F|  |TAMS 0x0000000085000000, 0x0000000085000000| Untracked 
|  31|0x0000000085100000, 0x0000000085100000, 0x0000000085200000|  0%| F|  |TAMS 0x0000000085100000, 0x0000000085100000| Untracked 
|  32|0x0000000085200000, 0x0000000085200000, 0x0000000085300000|  0%| F|  |TAMS 0x0000000085200000, 0x0000000085200000| Untracked 
|  33|0x0000000085300000, 0x0000000085300000, 0x0000000085400000|  0%| F|  |TAMS 0x0000000085300000, 0x0000000085300000| Untracked 
|  34|0x0000000085400000, 0x0000000085400000, 0x0000000085500000|  0%| F|  |TAMS 0x0000000085400000, 0x0000000085400000| Untracked 
|  35|0x0000000085500000, 0x0000000085500000, 0x0000000085600000|  0%| F|  |TAMS 0x0000000085500000, 0x0000000085500000| Untracked 
|  36|0x0000000085600000, 0x0000000085600000, 0x0000000085700000|  0%| F|  |TAMS 0x0000000085600000, 0x0000000085600000| Untracked 
|  37|0x0000000085700000, 0x0000000085700000, 0x0000000085800000|  0%| F|  |TAMS 0x0000000085700000, 0x0000000085700000| Untracked 
|  38|0x0000000085800000, 0x0000000085800000, 0x0000000085900000|  0%| F|  |TAMS 0x0000000085800000, 0x0000000085800000| Untracked 
|  39|0x0000000085900000, 0x0000000085900000, 0x0000000085a00000|  0%| F|  |TAMS 0x0000000085900000, 0x0000000085900000| Untracked 
|  40|0x0000000085a00000, 0x0000000085a00000, 0x0000000085b00000|  0%| F|  |TAMS 0x0000000085a00000, 0x0000000085a00000| Untracked 
|  41|0x0000000085b00000, 0x0000000085b00000, 0x0000000085c00000|  0%| F|  |TAMS 0x0000000085b00000, 0x0000000085b00000| Untracked 
|  42|0x0000000085c00000, 0x0000000085c00000, 0x0000000085d00000|  0%| F|  |TAMS 0x0000000085c00000, 0x0000000085c00000| Untracked 
|  43|0x0000000085d00000, 0x0000000085d00000, 0x0000000085e00000|  0%| F|  |TAMS 0x0000000085d00000, 0x0000000085d00000| Untracked 
|  44|0x0000000085e00000, 0x0000000085e00000, 0x0000000085f00000|  0%| F|  |TAMS 0x0000000085e00000, 0x0000000085e00000| Untracked 
|  45|0x0000000085f00000, 0x0000000085f00000, 0x0000000086000000|  0%| F|  |TAMS 0x0000000085f00000, 0x0000000085f00000| Untracked 
|  46|0x0000000086000000, 0x0000000086000000, 0x0000000086100000|  0%| F|  |TAMS 0x0000000086000000, 0x0000000086000000| Untracked 
|  47|0x0000000086100000, 0x0000000086100000, 0x0000000086200000|  0%| F|  |TAMS 0x0000000086100000, 0x0000000086100000| Untracked 
|  48|0x0000000086200000, 0x0000000086200000, 0x0000000086300000|  0%| F|  |TAMS 0x0000000086200000, 0x0000000086200000| Untracked 
|  49|0x0000000086300000, 0x0000000086300000, 0x0000000086400000|  0%| F|  |TAMS 0x0000000086300000, 0x0000000086300000| Untracked 
|  50|0x0000000086400000, 0x0000000086400000, 0x0000000086500000|  0%| F|  |TAMS 0x0000000086400000, 0x0000000086400000| Untracked 
|  51|0x0000000086500000, 0x0000000086500000, 0x0000000086600000|  0%| F|  |TAMS 0x0000000086500000, 0x0000000086500000| Untracked 
|  52|0x0000000086600000, 0x0000000086600000, 0x0000000086700000|  0%| F|  |TAMS 0x0000000086600000, 0x0000000086600000| Untracked 
|  53|0x0000000086700000, 0x0000000086700000, 0x0000000086800000|  0%| F|  |TAMS 0x0000000086700000, 0x0000000086700000| Untracked 
|  54|0x0000000086800000, 0x0000000086800000, 0x0000000086900000|  0%| F|  |TAMS 0x0000000086800000, 0x0000000086800000| Untracked 
|  55|0x0000000086900000, 0x0000000086900000, 0x0000000086a00000|  0%| F|  |TAMS 0x0000000086900000, 0x0000000086900000| Untracked 
|  56|0x0000000086a00000, 0x0000000086a00000, 0x0000000086b00000|  0%| F|  |TAMS 0x0000000086a00000, 0x0000000086a00000| Untracked 
|  57|0x0000000086b00000, 0x0000000086b00000, 0x0000000086c00000|  0%| F|  |TAMS 0x0000000086b00000, 0x0000000086b00000| Untracked 
|  58|0x0000000086c00000, 0x0000000086c00000, 0x0000000086d00000|  0%| F|  |TAMS 0x0000000086c00000, 0x0000000086c00000| Untracked 
|  59|0x0000000086d00000, 0x0000000086d00000, 0x0000000086e00000|  0%| F|  |TAMS 0x0000000086d00000, 0x0000000086d00000| Untracked 
|  60|0x0000000086e00000, 0x0000000086e00000, 0x0000000086f00000|  0%| F|  |TAMS 0x0000000086e00000, 0x0000000086e00000| Untracked 
|  61|0x0000000086f00000, 0x0000000086f00000, 0x0000000087000000|  0%| F|  |TAMS 0x0000000086f00000, 0x0000000086f00000| Untracked 
|  62|0x0000000087000000, 0x0000000087000000, 0x0000000087100000|  0%| F|  |TAMS 0x0000000087000000, 0x0000000087000000| Untracked 
|  63|0x0000000087100000, 0x0000000087100000, 0x0000000087200000|  0%| F|  |TAMS 0x0000000087100000, 0x0000000087100000| Untracked 
|  64|0x0000000087200000, 0x0000000087200000, 0x0000000087300000|  0%| F|  |TAMS 0x0000000087200000, 0x0000000087200000| Untracked 
|  65|0x0000000087300000, 0x0000000087300000, 0x0000000087400000|  0%| F|  |TAMS 0x0000000087300000, 0x0000000087300000| Untracked 
|  66|0x0000000087400000, 0x0000000087400000, 0x0000000087500000|  0%| F|  |TAMS 0x0000000087400000, 0x0000000087400000| Untracked 
|  67|0x0000000087500000, 0x0000000087500000, 0x0000000087600000|  0%| F|  |TAMS 0x0000000087500000, 0x0000000087500000| Untracked 
|  68|0x0000000087600000, 0x0000000087600000, 0x0000000087700000|  0%| F|  |TAMS 0x0000000087600000, 0x0000000087600000| Untracked 
|  69|0x0000000087700000, 0x0000000087700000, 0x0000000087800000|  0%| F|  |TAMS 0x0000000087700000, 0x0000000087700000| Untracked 
|  70|0x0000000087800000, 0x0000000087800000, 0x0000000087900000|  0%| F|  |TAMS 0x0000000087800000, 0x0000000087800000| Untracked 
|  71|0x0000000087900000, 0x0000000087900000, 0x0000000087a00000|  0%| F|  |TAMS 0x0000000087900000, 0x0000000087900000| Untracked 
|  72|0x0000000087a00000, 0x0000000087a00000, 0x0000000087b00000|  0%| F|  |TAMS 0x0000000087a00000, 0x0000000087a00000| Untracked 
|  73|0x0000000087b00000, 0x0000000087b00000, 0x0000000087c00000|  0%| F|  |TAMS 0x0000000087b00000, 0x0000000087b00000| Untracked 
|  74|0x0000000087c00000, 0x0000000087c00000, 0x0000000087d00000|  0%| F|  |TAMS 0x0000000087c00000, 0x0000000087c00000| Untracked 
|  75|0x0000000087d00000, 0x0000000087d00000, 0x0000000087e00000|  0%| F|  |TAMS 0x0000000087d00000, 0x0000000087d00000| Untracked 
|  76|0x0000000087e00000, 0x0000000087e00000, 0x0000000087f00000|  0%| F|  |TAMS 0x0000000087e00000, 0x0000000087e00000| Untracked 
|  77|0x0000000087f00000, 0x0000000087f00000, 0x0000000088000000|  0%| F|  |TAMS 0x0000000087f00000, 0x0000000087f00000| Untracked 
|  78|0x0000000088000000, 0x0000000088000000, 0x0000000088100000|  0%| F|  |TAMS 0x0000000088000000, 0x0000000088000000| Untracked 
|  79|0x0000000088100000, 0x0000000088100000, 0x0000000088200000|  0%| F|  |TAMS 0x0000000088100000, 0x0000000088100000| Untracked 
|  80|0x0000000088200000, 0x0000000088200000, 0x0000000088300000|  0%| F|  |TAMS 0x0000000088200000, 0x0000000088200000| Untracked 
|  81|0x0000000088300000, 0x0000000088300000, 0x0000000088400000|  0%| F|  |TAMS 0x0000000088300000, 0x0000000088300000| Untracked 
|  82|0x0000000088400000, 0x0000000088400000, 0x0000000088500000|  0%| F|  |TAMS 0x0000000088400000, 0x0000000088400000| Untracked 
|  83|0x0000000088500000, 0x0000000088500000, 0x0000000088600000|  0%| F|  |TAMS 0x0000000088500000, 0x0000000088500000| Untracked 
|  84|0x0000000088600000, 0x0000000088600000, 0x0000000088700000|  0%| F|  |TAMS 0x0000000088600000, 0x0000000088600000| Untracked 
|  85|0x0000000088700000, 0x0000000088700000, 0x0000000088800000|  0%| F|  |TAMS 0x0000000088700000, 0x0000000088700000| Untracked 
|  86|0x0000000088800000, 0x0000000088800000, 0x0000000088900000|  0%| F|  |TAMS 0x0000000088800000, 0x0000000088800000| Untracked 
|  87|0x0000000088900000, 0x0000000088900000, 0x0000000088a00000|  0%| F|  |TAMS 0x0000000088900000, 0x0000000088900000| Untracked 
|  88|0x0000000088a00000, 0x0000000088a00000, 0x0000000088b00000|  0%| F|  |TAMS 0x0000000088a00000, 0x0000000088a00000| Untracked 
|  89|0x0000000088b00000, 0x0000000088b00000, 0x0000000088c00000|  0%| F|  |TAMS 0x0000000088b00000, 0x0000000088b00000| Untracked 
|  90|0x0000000088c00000, 0x0000000088c00000, 0x0000000088d00000|  0%| F|  |TAMS 0x0000000088c00000, 0x0000000088c00000| Untracked 
|  91|0x0000000088d00000, 0x0000000088d00000, 0x0000000088e00000|  0%| F|  |TAMS 0x0000000088d00000, 0x0000000088d00000| Untracked 
|  92|0x0000000088e00000, 0x0000000088e00000, 0x0000000088f00000|  0%| F|  |TAMS 0x0000000088e00000, 0x0000000088e00000| Untracked 
|  93|0x0000000088f00000, 0x0000000088f00000, 0x0000000089000000|  0%| F|  |TAMS 0x0000000088f00000, 0x0000000088f00000| Untracked 
|  94|0x0000000089000000, 0x0000000089000000, 0x0000000089100000|  0%| F|  |TAMS 0x0000000089000000, 0x0000000089000000| Untracked 
|  95|0x0000000089100000, 0x0000000089100000, 0x0000000089200000|  0%| F|  |TAMS 0x0000000089100000, 0x0000000089100000| Untracked 
|  96|0x0000000089200000, 0x0000000089200000, 0x0000000089300000|  0%| F|  |TAMS 0x0000000089200000, 0x0000000089200000| Untracked 
|  97|0x0000000089300000, 0x0000000089300000, 0x0000000089400000|  0%| F|  |TAMS 0x0000000089300000, 0x0000000089300000| Untracked 
|  98|0x0000000089400000, 0x0000000089400000, 0x0000000089500000|  0%| F|  |TAMS 0x0000000089400000, 0x0000000089400000| Untracked 
|  99|0x0000000089500000, 0x0000000089500000, 0x0000000089600000|  0%| F|  |TAMS 0x0000000089500000, 0x0000000089500000| Untracked 
| 100|0x0000000089600000, 0x00000000896eaa70, 0x0000000089700000| 91%| S|CS|TAMS 0x0000000089600000, 0x0000000089600000| Complete 
| 101|0x0000000089700000, 0x0000000089800000, 0x0000000089800000|100%| S|CS|TAMS 0x0000000089700000, 0x0000000089700000| Complete 
| 102|0x0000000089800000, 0x0000000089900000, 0x0000000089900000|100%| S|CS|TAMS 0x0000000089800000, 0x0000000089800000| Complete 
| 103|0x0000000089900000, 0x0000000089900000, 0x0000000089a00000|  0%| F|  |TAMS 0x0000000089900000, 0x0000000089900000| Untracked 
| 104|0x0000000089a00000, 0x0000000089a00000, 0x0000000089b00000|  0%| F|  |TAMS 0x0000000089a00000, 0x0000000089a00000| Untracked 
| 105|0x0000000089b00000, 0x0000000089b00000, 0x0000000089c00000|  0%| F|  |TAMS 0x0000000089b00000, 0x0000000089b00000| Untracked 
| 106|0x0000000089c00000, 0x0000000089c00000, 0x0000000089d00000|  0%| F|  |TAMS 0x0000000089c00000, 0x0000000089c00000| Untracked 
| 107|0x0000000089d00000, 0x0000000089d00000, 0x0000000089e00000|  0%| F|  |TAMS 0x0000000089d00000, 0x0000000089d00000| Untracked 
| 108|0x0000000089e00000, 0x0000000089e00000, 0x0000000089f00000|  0%| F|  |TAMS 0x0000000089e00000, 0x0000000089e00000| Untracked 
| 109|0x0000000089f00000, 0x0000000089f00000, 0x000000008a000000|  0%| F|  |TAMS 0x0000000089f00000, 0x0000000089f00000| Untracked 
| 110|0x000000008a000000, 0x000000008a000000, 0x000000008a100000|  0%| F|  |TAMS 0x000000008a000000, 0x000000008a000000| Untracked 
| 111|0x000000008a100000, 0x000000008a100000, 0x000000008a200000|  0%| F|  |TAMS 0x000000008a100000, 0x000000008a100000| Untracked 
| 112|0x000000008a200000, 0x000000008a280800, 0x000000008a300000| 50%| E|  |TAMS 0x000000008a200000, 0x000000008a200000| Complete 
| 113|0x000000008a300000, 0x000000008a400000, 0x000000008a400000|100%| E|CS|TAMS 0x000000008a300000, 0x000000008a300000| Complete 
| 114|0x000000008a400000, 0x000000008a500000, 0x000000008a500000|100%| E|CS|TAMS 0x000000008a400000, 0x000000008a400000| Complete 
| 115|0x000000008a500000, 0x000000008a600000, 0x000000008a600000|100%| E|CS|TAMS 0x000000008a500000, 0x000000008a500000| Complete 
| 116|0x000000008a600000, 0x000000008a700000, 0x000000008a700000|100%| E|CS|TAMS 0x000000008a600000, 0x000000008a600000| Complete 
| 117|0x000000008a700000, 0x000000008a800000, 0x000000008a800000|100%| E|CS|TAMS 0x000000008a700000, 0x000000008a700000| Complete 
| 118|0x000000008a800000, 0x000000008a900000, 0x000000008a900000|100%| E|CS|TAMS 0x000000008a800000, 0x000000008a800000| Complete 
| 119|0x000000008a900000, 0x000000008aa00000, 0x000000008aa00000|100%| E|CS|TAMS 0x000000008a900000, 0x000000008a900000| Complete 
| 120|0x000000008aa00000, 0x000000008ab00000, 0x000000008ab00000|100%| E|CS|TAMS 0x000000008aa00000, 0x000000008aa00000| Complete 
| 121|0x000000008ab00000, 0x000000008ac00000, 0x000000008ac00000|100%| E|CS|TAMS 0x000000008ab00000, 0x000000008ab00000| Complete 
| 122|0x000000008ac00000, 0x000000008ad00000, 0x000000008ad00000|100%| E|CS|TAMS 0x000000008ac00000, 0x000000008ac00000| Complete 
| 123|0x000000008ad00000, 0x000000008ae00000, 0x000000008ae00000|100%| E|CS|TAMS 0x000000008ad00000, 0x000000008ad00000| Complete 
| 124|0x000000008ae00000, 0x000000008af00000, 0x000000008af00000|100%| E|CS|TAMS 0x000000008ae00000, 0x000000008ae00000| Complete 
| 125|0x000000008af00000, 0x000000008b000000, 0x000000008b000000|100%| E|CS|TAMS 0x000000008af00000, 0x000000008af00000| Complete 

Card table byte_map: [0x000001a82b800000,0x000001a82bbf0000] _byte_map_base: 0x000001a82b3e7000

Marking Bits (Prev, Next): (CMBitMap*) 0x000001a814656cb0, (CMBitMap*) 0x000001a814656cf0
 Prev Bits: [0x000001a82bfe0000, 0x000001a82df18000)
 Next Bits: [0x000001a82df20000, 0x000001a82fe58000)

Polling page: 0x000001a812510000

Metaspace:

Usage:
  Non-class:      5.58 MB used.
      Class:    579.86 KB used.
       Both:      6.15 MB used.

Virtual space:
  Non-class space:       64.00 MB reserved,       5.69 MB (  9%) committed,  1 nodes.
      Class space:        1.00 GB reserved,     640.00 KB ( <1%) committed,  1 nodes.
             Both:        1.06 GB reserved,       6.31 MB ( <1%) committed. 

Chunk freelists:
   Non-Class:  9.98 MB
       Class:  15.19 MB
        Both:  25.17 MB

MaxMetaspaceSize: unlimited
CompressedClassSpaceSize: 1.00 GB
Initial GC threshold: 21.00 MB
Current GC threshold: 21.00 MB
CDS: on
MetaspaceReclaimPolicy: balanced
 - commit_granule_bytes: 65536.
 - commit_granule_words: 8192.
 - virtual_space_node_default_size: 8388608.
 - enlarge_chunks_in_place: 1.
 - new_chunks_are_fully_committed: 0.
 - uncommit_free_chunks: 1.
 - use_allocation_guard: 0.
 - handle_deallocations: 1.


Internal statistics:

num_allocs_failed_limit: 0.
num_arena_births: 68.
num_arena_deaths: 0.
num_vsnodes_births: 2.
num_vsnodes_deaths: 0.
num_space_committed: 101.
num_space_uncommitted: 0.
num_chunks_returned_to_freelist: 0.
num_chunks_taken_from_freelist: 161.
num_chunk_merges: 0.
num_chunk_splits: 106.
num_chunks_enlarged: 68.
num_inconsistent_stats: 0.

CodeHeap 'non-profiled nmethods': size=120000Kb used=786Kb max_used=786Kb free=119213Kb
 bounds [0x000001a823bb0000, 0x000001a823e20000, 0x000001a82b0e0000]
CodeHeap 'profiled nmethods': size=120000Kb used=3237Kb max_used=3237Kb free=116762Kb
 bounds [0x000001a81c0e0000, 0x000001a81c410000, 0x000001a823610000]
CodeHeap 'non-nmethods': size=5760Kb used=1183Kb max_used=1225Kb free=4576Kb
 bounds [0x000001a823610000, 0x000001a823880000, 0x000001a823bb0000]
 total_blobs=2077 nmethods=1616 adapters=373
 compilation: enabled
              stopped_count=0, restarted_count=0
 full_count=0

Compilation events (20 events):
Event: 513.930 Thread 0x000001a832890d40 1584   !   3       javax.xml.parsers.FactoryFinder::find (235 bytes)
Event: 513.935 Thread 0x000001a832890d40 nmethod 1584 0x000001a81c3eda90 code [0x000001a81c3ee620, 0x000001a81c3f5bb8]
Event: 513.935 Thread 0x000001a832890d40 1588       3       com.sun.org.apache.xerces.internal.impl.XMLErrorReporter::getMessageFormatter (14 bytes)
Event: 513.935 Thread 0x000001a832890d40 nmethod 1588 0x000001a81c3f8810 code [0x000001a81c3f89c0, 0x000001a81c3f8ca8]
Event: 513.935 Thread 0x000001a832890d40 1589       3       com.sun.org.apache.xerces.internal.impl.dtd.XMLDTDDescription::<init> (35 bytes)
Event: 513.935 Thread 0x000001a832890d40 nmethod 1589 0x000001a81c3f8d90 code [0x000001a81c3f8f40, 0x000001a81c3f92c8]
Event: 513.935 Thread 0x000001a832890d40 1590       3       com.sun.org.apache.xerces.internal.impl.validation.ValidationState::<init> (45 bytes)
Event: 513.935 Thread 0x000001a832890d40 nmethod 1590 0x000001a81c3f9410 code [0x000001a81c3f95c0, 0x000001a81c3f97f8]
Event: 513.935 Thread 0x000001a832890d40 1587  s    3       java.util.Vector::removeAllElements (43 bytes)
Event: 513.935 Thread 0x000001a832890d40 nmethod 1587 0x000001a81c3f9890 code [0x000001a81c3f9a40, 0x000001a81c3f9e78]
Event: 513.935 Thread 0x000001a832890d40 1591       3       com.sun.org.apache.xerces.internal.impl.dtd.XMLElementDecl::<init> (37 bytes)
Event: 513.935 Thread 0x000001a832890d40 nmethod 1591 0x000001a81c3fa010 code [0x000001a81c3fa1e0, 0x000001a81c3fa6b8]
Event: 513.936 Thread 0x000001a832890d40 1592       3       com.sun.org.apache.xerces.internal.impl.XMLDocumentScannerImpl::getRecognizedFeatures (54 bytes)
Event: 513.936 Thread 0x000001a832890d40 nmethod 1592 0x000001a81c3fa890 code [0x000001a81c3faa80, 0x000001a81c3fb048]
Event: 513.936 Thread 0x000001a832890d40 1585   !   3       javax.xml.parsers.FactoryFinder::findServiceProvider (43 bytes)
Event: 513.936 Thread 0x000001a832890d40 nmethod 1585 0x000001a81c3fb210 code [0x000001a81c3fb440, 0x000001a81c3fbb48]
Event: 513.936 Thread 0x000001a832890d40 1586       3       javax.xml.parsers.FactoryFinder$$Lambda$22/0x000001a834048c08::<init> (10 bytes)
Event: 513.936 Thread 0x000001a832890d40 nmethod 1586 0x000001a81c3fbe90 code [0x000001a81c3fc020, 0x000001a81c3fc1d8]
Event: 513.960 Thread 0x000001a832ca3010 nmethod 1535 0x000001a823c6cf10 code [0x000001a823c6d1c0, 0x000001a823c6f298]
Event: 513.960 Thread 0x000001a832ca3010 1533   !   4       com.sun.org.apache.xerces.internal.parsers.XML11Configuration::setFeature (143 bytes)

GC Heap History (2 events):
Event: 47.626 GC heap before
{Heap before GC invocations=0 (full 0):
 garbage-first heap   total 129024K, used 22528K [0x0000000083200000, 0x0000000100000000)
  region size 1024K, 23 young (23552K), 0 survivors (0K)
 Metaspace       used 5950K, committed 6144K, reserved 1114112K
  class space    used 552K, committed 640K, reserved 1048576K
}
Event: 47.632 GC heap after
{Heap after GC invocations=1 (full 0):
 garbage-first heap   total 129024K, used 2986K [0x0000000083200000, 0x0000000100000000)
  region size 1024K, 3 young (3072K), 3 survivors (3072K)
 Metaspace       used 5950K, committed 6144K, reserved 1114112K
  class space    used 552K, committed 640K, reserved 1048576K
}

Dll operation events (8 events):
Event: 0.012 Loaded shared library C:\Program Files\Eclipse Adoptium\jdk-17.0.8.7-hotspot\bin\java.dll
Event: 0.031 Loaded shared library C:\Program Files\Eclipse Adoptium\jdk-17.0.8.7-hotspot\bin\jsvml.dll
Event: 0.077 Loaded shared library C:\Program Files\Eclipse Adoptium\jdk-17.0.8.7-hotspot\bin\jimage.dll
Event: 46.120 Loaded shared library C:\Program Files\Eclipse Adoptium\jdk-17.0.8.7-hotspot\bin\net.dll
Event: 46.123 Loaded shared library C:\Program Files\Eclipse Adoptium\jdk-17.0.8.7-hotspot\bin\nio.dll
Event: 46.127 Loaded shared library C:\Program Files\Eclipse Adoptium\jdk-17.0.8.7-hotspot\bin\zip.dll
Event: 46.291 Loaded shared library C:\Program Files\Eclipse Adoptium\jdk-17.0.8.7-hotspot\bin\management.dll
Event: 46.294 Loaded shared library C:\Program Files\Eclipse Adoptium\jdk-17.0.8.7-hotspot\bin\management_ext.dll

Deoptimization events (20 events):
Event: 513.546 Thread 0x000001a8124cbfa0 DEOPT PACKING pc=0x000001a823c47808 sp=0x0000006bb68febd0
Event: 513.546 Thread 0x000001a8124cbfa0 DEOPT UNPACKING pc=0x000001a82366a1a3 sp=0x0000006bb68feb40 mode 2
Event: 513.615 Thread 0x000001a8124cbfa0 DEOPT PACKING pc=0x000001a81c38d347 sp=0x0000006bb68fe990
Event: 513.615 Thread 0x000001a8124cbfa0 DEOPT UNPACKING pc=0x000001a82366ace3 sp=0x0000006bb68fdfb8 mode 0
Event: 513.655 Thread 0x000001a8124cbfa0 DEOPT PACKING pc=0x000001a81c38d347 sp=0x0000006bb68fe980
Event: 513.655 Thread 0x000001a8124cbfa0 DEOPT UNPACKING pc=0x000001a82366ace3 sp=0x0000006bb68fdfa8 mode 0
Event: 513.694 Thread 0x000001a8124cbfa0 DEOPT PACKING pc=0x000001a81c38d347 sp=0x0000006bb68fe990
Event: 513.694 Thread 0x000001a8124cbfa0 DEOPT UNPACKING pc=0x000001a82366ace3 sp=0x0000006bb68fdfb8 mode 0
Event: 513.756 Thread 0x000001a8124cbfa0 DEOPT PACKING pc=0x000001a81c38d347 sp=0x0000006bb68fe990
Event: 513.756 Thread 0x000001a8124cbfa0 DEOPT UNPACKING pc=0x000001a82366ace3 sp=0x0000006bb68fdfb8 mode 0
Event: 513.789 Thread 0x000001a8124cbfa0 DEOPT PACKING pc=0x000001a81c38d347 sp=0x0000006bb68fe980
Event: 513.789 Thread 0x000001a8124cbfa0 DEOPT UNPACKING pc=0x000001a82366ace3 sp=0x0000006bb68fdfa8 mode 0
Event: 513.846 Thread 0x000001a8124cbfa0 Uncommon trap: trap_request=0xffffff45 fr.pc=0x000001a823c203d8 relative=0x0000000000001fd8
Event: 513.846 Thread 0x000001a8124cbfa0 Uncommon trap: reason=unstable_if action=reinterpret pc=0x000001a823c203d8 method=com.sun.org.apache.xerces.internal.impl.XMLEntityScanner.scanContent(Lcom/sun/org/apache/xerces/internal/xni/XMLString;)I @ 44 c2
Event: 513.846 Thread 0x000001a8124cbfa0 DEOPT PACKING pc=0x000001a823c203d8 sp=0x0000006bb68fed20
Event: 513.846 Thread 0x000001a8124cbfa0 DEOPT UNPACKING pc=0x000001a82366a1a3 sp=0x0000006bb68feca0 mode 2
Event: 513.848 Thread 0x000001a8124cbfa0 Uncommon trap: trap_request=0xffffff45 fr.pc=0x000001a823c0b918 relative=0x0000000000000458
Event: 513.848 Thread 0x000001a8124cbfa0 Uncommon trap: reason=unstable_if action=reinterpret pc=0x000001a823c0b918 method=com.sun.org.apache.xerces.internal.impl.XMLEntityScanner.scanContent(Lcom/sun/org/apache/xerces/internal/xni/XMLString;)I @ 44 c2
Event: 513.848 Thread 0x000001a8124cbfa0 DEOPT PACKING pc=0x000001a823c0b918 sp=0x0000006bb68fecd0
Event: 513.848 Thread 0x000001a8124cbfa0 DEOPT UNPACKING pc=0x000001a82366a1a3 sp=0x0000006bb68fec98 mode 2

Classes unloaded (0 events):
No events

Classes redefined (0 events):
No events

Internal exceptions (20 events):
Event: 46.231 Thread 0x000001a8124cbfa0 Exception <a 'java/lang/NoSuchMethodError'{0x000000008abc17b0}: 'java.lang.Object java.lang.invoke.DirectMethodHandle$Holder.invokeVirtual(java.lang.Object, java.lang.Object, java.lang.Object, java.lang.Object)'> (0x000000008abc17b0) 
thrown [s\src\hotspot\share\interpreter\linkResolver.cpp, line 759]
Event: 46.232 Thread 0x000001a8124cbfa0 Exception <a 'java/lang/NoSuchMethodError'{0x000000008abc9f38}: 'void java.lang.invoke.DirectMethodHandle$Holder.invokeStatic(java.lang.Object, java.lang.Object, java.lang.Object, java.lang.Object)'> (0x000000008abc9f38) 
thrown [s\src\hotspot\share\interpreter\linkResolver.cpp, line 759]
Event: 46.242 Thread 0x000001a8124cbfa0 Exception <a 'java/lang/NoSuchMethodError'{0x000000008aa20d48}: 'int java.lang.invoke.DirectMethodHandle$Holder.invokeStaticInit(java.lang.Object, java.lang.Object, java.lang.Object, java.lang.Object)'> (0x000000008aa20d48) 
thrown [s\src\hotspot\share\interpreter\linkResolver.cpp, line 759]
Event: 46.243 Thread 0x000001a8124cbfa0 Exception <a 'java/lang/NoSuchMethodError'{0x000000008aa2a440}: 'java.lang.Object java.lang.invoke.DirectMethodHandle$Holder.invokeInterface(java.lang.Object, java.lang.Object)'> (0x000000008aa2a440) 
thrown [s\src\hotspot\share\interpreter\linkResolver.cpp, line 759]
Event: 46.243 Thread 0x000001a8124cbfa0 Exception <a 'java/lang/IncompatibleClassChangeError'{0x000000008aa2d990}: Found class java.lang.Object, but interface was expected> (0x000000008aa2d990) 
thrown [s\src\hotspot\share\interpreter\linkResolver.cpp, line 826]
Event: 46.243 Thread 0x000001a8124cbfa0 Exception <a 'java/lang/NoSuchMethodError'{0x000000008aa30668}: 'void java.lang.invoke.DirectMethodHandle$Holder.invokeStatic(java.lang.Object, java.lang.Object)'> (0x000000008aa30668) 
thrown [s\src\hotspot\share\interpreter\linkResolver.cpp, line 759]
Event: 46.244 Thread 0x000001a8124cbfa0 Exception <a 'java/lang/NoSuchMethodError'{0x000000008aa33bc0}: 'void java.lang.invoke.DirectMethodHandle$Holder.invokeStaticInit(java.lang.Object, java.lang.Object)'> (0x000000008aa33bc0) 
thrown [s\src\hotspot\share\interpreter\linkResolver.cpp, line 759]
Event: 46.244 Thread 0x000001a8124cbfa0 Exception <a 'java/lang/NoSuchMethodError'{0x000000008aa399e8}: 'int java.lang.invoke.DirectMethodHandle$Holder.invokeStaticInit(java.lang.Object, java.lang.Object)'> (0x000000008aa399e8) 
thrown [s\src\hotspot\share\interpreter\linkResolver.cpp, line 759]
Event: 46.263 Thread 0x000001a8124cbfa0 Exception <a 'java/lang/NoSuchMethodError'{0x000000008aad5130}: 'java.lang.Object java.lang.invoke.DirectMethodHandle$Holder.invokeStaticInit(java.lang.Object)'> (0x000000008aad5130) 
thrown [s\src\hotspot\share\interpreter\linkResolver.cpp, line 759]
Event: 46.301 Thread 0x000001a8124cbfa0 Exception <a 'java/lang/NoSuchMethodError'{0x000000008a92b680}: 'int java.lang.invoke.DirectMethodHandle$Holder.invokeSpecial(java.lang.Object, java.lang.Object, java.lang.Object)'> (0x000000008a92b680) 
thrown [s\src\hotspot\share\interpreter\linkResolver.cpp, line 759]
Event: 46.949 Thread 0x000001a8124cbfa0 Exception <a 'java/io/FileNotFoundException'{0x000000008a2d27c8}> (0x000000008a2d27c8) 
thrown [s\src\hotspot\share\prims\jni.cpp, line 516]
Event: 46.999 Thread 0x000001a8124cbfa0 Exception <a 'sun/nio/fs/WindowsException'{0x000000008a0575a8}> (0x000000008a0575a8) 
thrown [s\src\hotspot\share\prims\jni.cpp, line 516]
Event: 47.000 Thread 0x000001a8124cbfa0 Exception <a 'sun/nio/fs/WindowsException'{0x000000008a057ad0}> (0x000000008a057ad0) 
thrown [s\src\hotspot\share\prims\jni.cpp, line 516]
Event: 47.099 Thread 0x000001a8124cbfa0 Exception <a 'sun/nio/fs/WindowsException'{0x0000000089eac200}> (0x0000000089eac200) 
thrown [s\src\hotspot\share\prims\jni.cpp, line 516]
Event: 47.099 Thread 0x000001a8124cbfa0 Exception <a 'sun/nio/fs/WindowsException'{0x0000000089eac528}> (0x0000000089eac528) 
thrown [s\src\hotspot\share\prims\jni.cpp, line 516]
Event: 513.839 Thread 0x000001a8124cbfa0 Exception <a 'java/io/FileNotFoundException'{0x000000008a889888}> (0x000000008a889888) 
thrown [s\src\hotspot\share\prims\jni.cpp, line 516]
Event: 513.871 Thread 0x000001a8124cbfa0 Exception <a 'sun/nio/fs/WindowsException'{0x000000008a6043b0}> (0x000000008a6043b0) 
thrown [s\src\hotspot\share\prims\jni.cpp, line 516]
Event: 513.871 Thread 0x000001a8124cbfa0 Exception <a 'sun/nio/fs/WindowsException'{0x000000008a6046d8}> (0x000000008a6046d8) 
thrown [s\src\hotspot\share\prims\jni.cpp, line 516]
Event: 513.906 Thread 0x000001a8124cbfa0 Exception <a 'sun/nio/fs/WindowsException'{0x000000008a44d1e0}> (0x000000008a44d1e0) 
thrown [s\src\hotspot\share\prims\jni.cpp, line 516]
Event: 513.906 Thread 0x000001a8124cbfa0 Exception <a 'sun/nio/fs/WindowsException'{0x000000008a44d508}> (0x000000008a44d508) 
thrown [s\src\hotspot\share\prims\jni.cpp, line 516]

VM Operations (20 events):
Event: 1.044 Executing VM operation: Cleanup
Event: 1.044 Executing VM operation: Cleanup done
Event: 46.196 Executing VM operation: HandshakeAllThreads
Event: 46.196 Executing VM operation: HandshakeAllThreads done
Event: 46.196 Executing VM operation: Cleanup
Event: 46.196 Executing VM operation: Cleanup done
Event: 46.236 Executing VM operation: HandshakeAllThreads
Event: 46.236 Executing VM operation: HandshakeAllThreads done
Event: 46.269 Executing VM operation: HandshakeAllThreads
Event: 46.269 Executing VM operation: HandshakeAllThreads done
Event: 46.344 Executing VM operation: HandshakeAllThreads
Event: 46.345 Executing VM operation: HandshakeAllThreads done
Event: 47.266 Executing VM operation: ICBufferFull
Event: 47.266 Executing VM operation: ICBufferFull done
Event: 47.625 Executing VM operation: G1CollectForAllocation
Event: 47.632 Executing VM operation: G1CollectForAllocation done
Event: 60.227 Executing VM operation: HandshakeAllThreads
Event: 60.227 Executing VM operation: HandshakeAllThreads done
Event: 513.795 Executing VM operation: Cleanup
Event: 513.795 Executing VM operation: Cleanup done

Events (20 events):
Event: 46.998 loading class sun/nio/fs/WindowsChannelFactory
Event: 46.998 loading class sun/nio/fs/WindowsChannelFactory done
Event: 46.998 loading class sun/nio/fs/WindowsChannelFactory$1
Event: 46.999 loading class sun/nio/fs/WindowsChannelFactory$1 done
Event: 46.999 loading class sun/nio/fs/WindowsChannelFactory$Flags
Event: 46.999 loading class sun/nio/fs/WindowsChannelFactory$Flags done
Event: 46.999 loading class sun/nio/fs/WindowsException
Event: 46.999 loading class sun/nio/fs/WindowsException done
Event: 46.999 loading class sun/nio/fs/WindowsDirectoryStream
Event: 46.999 loading class java/nio/file/DirectoryStream
Event: 46.999 loading class java/nio/file/DirectoryStream done
Event: 47.000 loading class sun/nio/fs/WindowsDirectoryStream done
Event: 47.000 loading class java/nio/file/NoSuchFileException
Event: 47.000 loading class java/nio/file/FileSystemException
Event: 47.000 loading class java/nio/file/FileSystemException done
Event: 47.000 loading class java/nio/file/NoSuchFileException done
Event: 47.149 loading class java/io/FileOutputStream$1
Event: 47.149 loading class java/io/FileOutputStream$1 done
Event: 47.381 Thread 0x000001a8780c3f70 Thread exited: 0x000001a8780c3f70
Event: 513.596 Thread 0x000001a832ca3010 Thread added: 0x000001a832ca3010


Dynamic libraries:
0x00007ff61eeb0000 - 0x00007ff61eebe000 	C:\Program Files\Eclipse Adoptium\jdk-17.0.8.7-hotspot\bin\java.exe
0x00007ff870890000 - 0x00007ff870aa6000 	C:\WINDOWS\SYSTEM32\ntdll.dll
0x00007ff86f340000 - 0x00007ff86f404000 	C:\WINDOWS\System32\KERNEL32.DLL
0x00007ff86dbd0000 - 0x00007ff86df76000 	C:\WINDOWS\System32\KERNELBASE.dll
0x00007ff86e310000 - 0x00007ff86e421000 	C:\WINDOWS\System32\ucrtbase.dll
0x00007ff854b60000 - 0x00007ff854b77000 	C:\Program Files\Eclipse Adoptium\jdk-17.0.8.7-hotspot\bin\jli.dll
0x00007ff854b40000 - 0x00007ff854b59000 	C:\Program Files\Eclipse Adoptium\jdk-17.0.8.7-hotspot\bin\VCRUNTIME140.dll
0x00007ff86f180000 - 0x00007ff86f32d000 	C:\WINDOWS\System32\USER32.dll
0x00007ff86df80000 - 0x00007ff86dfa6000 	C:\WINDOWS\System32\win32u.dll
0x00007ff86fd20000 - 0x00007ff86fd49000 	C:\WINDOWS\System32\GDI32.dll
0x00007ff8579b0000 - 0x00007ff857c43000 	C:\WINDOWS\WinSxS\amd64_microsoft.windows.common-controls_6595b64144ccf1df_6.0.22621.3235_none_270f74e173860f98\COMCTL32.dll
0x00007ff86dfb0000 - 0x00007ff86e0c8000 	C:\WINDOWS\System32\gdi32full.dll
0x00007ff86ff10000 - 0x00007ff86ffb7000 	C:\WINDOWS\System32\msvcrt.dll
0x00007ff86e0d0000 - 0x00007ff86e16a000 	C:\WINDOWS\System32\msvcp_win.dll
0x00007ff86efa0000 - 0x00007ff86efd1000 	C:\WINDOWS\System32\IMM32.DLL
0x00007ff8577b0000 - 0x00007ff8577bc000 	C:\Program Files\Eclipse Adoptium\jdk-17.0.8.7-hotspot\bin\vcruntime140_1.dll
0x00007ff84ba50000 - 0x00007ff84bae1000 	C:\Program Files\Eclipse Adoptium\jdk-17.0.8.7-hotspot\bin\msvcp140.dll
0x00007ff8077f0000 - 0x00007ff80843c000 	C:\Program Files\Eclipse Adoptium\jdk-17.0.8.7-hotspot\bin\server\jvm.dll
0x00007ff8702d0000 - 0x00007ff870382000 	C:\WINDOWS\System32\ADVAPI32.dll
0x00007ff86fd50000 - 0x00007ff86fdf8000 	C:\WINDOWS\System32\sechost.dll
0x00007ff86e2e0000 - 0x00007ff86e308000 	C:\WINDOWS\System32\bcrypt.dll
0x00007ff86f040000 - 0x00007ff86f155000 	C:\WINDOWS\System32\RPCRT4.dll
0x00007ff84f3a0000 - 0x00007ff84f3a9000 	C:\WINDOWS\SYSTEM32\WSOCK32.dll
0x00007ff870130000 - 0x00007ff8701a1000 	C:\WINDOWS\System32\WS2_32.dll
0x00007ff86ca60000 - 0x00007ff86caad000 	C:\WINDOWS\SYSTEM32\POWRPROF.dll
0x00007ff863760000 - 0x00007ff86376a000 	C:\WINDOWS\SYSTEM32\VERSION.dll
0x00007ff865210000 - 0x00007ff865244000 	C:\WINDOWS\SYSTEM32\WINMM.dll
0x00007ff86ca40000 - 0x00007ff86ca53000 	C:\WINDOWS\SYSTEM32\UMPDC.dll
0x00007ff86cca0000 - 0x00007ff86ccb8000 	C:\WINDOWS\SYSTEM32\kernel.appcore.dll
0x00007ff854890000 - 0x00007ff85489a000 	C:\Program Files\Eclipse Adoptium\jdk-17.0.8.7-hotspot\bin\jimage.dll
0x00007ff868820000 - 0x00007ff868a53000 	C:\WINDOWS\SYSTEM32\DBGHELP.DLL
0x00007ff8703a0000 - 0x00007ff870728000 	C:\WINDOWS\System32\combase.dll
0x00007ff86fc40000 - 0x00007ff86fd17000 	C:\WINDOWS\System32\OLEAUT32.dll
0x00007ff8519b0000 - 0x00007ff8519e2000 	C:\WINDOWS\SYSTEM32\dbgcore.DLL
0x00007ff86e4a0000 - 0x00007ff86e51a000 	C:\WINDOWS\System32\bcryptPrimitives.dll
0x00007ff854570000 - 0x00007ff854595000 	C:\Program Files\Eclipse Adoptium\jdk-17.0.8.7-hotspot\bin\java.dll
0x00007ff83aef0000 - 0x00007ff83afc6000 	C:\Program Files\Eclipse Adoptium\jdk-17.0.8.7-hotspot\bin\jsvml.dll
0x00007ff86e640000 - 0x00007ff86ee9c000 	C:\WINDOWS\System32\SHELL32.dll
0x00007ff86baf0000 - 0x00007ff86c3e8000 	C:\WINDOWS\SYSTEM32\windows.storage.dll
0x00007ff86b9b0000 - 0x00007ff86baee000 	C:\WINDOWS\SYSTEM32\wintypes.dll
0x00007ff8701b0000 - 0x00007ff8702a3000 	C:\WINDOWS\System32\SHCORE.dll
0x00007ff86e5e0000 - 0x00007ff86e63e000 	C:\WINDOWS\System32\shlwapi.dll
0x00007ff86db00000 - 0x00007ff86db26000 	C:\WINDOWS\SYSTEM32\profapi.dll
0x00007ff868de0000 - 0x00007ff868df9000 	C:\Program Files\Eclipse Adoptium\jdk-17.0.8.7-hotspot\bin\net.dll
0x00007ff867250000 - 0x00007ff867387000 	C:\WINDOWS\SYSTEM32\WINHTTP.dll
0x00007ff86d180000 - 0x00007ff86d1e9000 	C:\WINDOWS\system32\mswsock.dll
0x00007ff8548b0000 - 0x00007ff8548c5000 	C:\Program Files\Eclipse Adoptium\jdk-17.0.8.7-hotspot\bin\nio.dll
0x00007ff854540000 - 0x00007ff854558000 	C:\Program Files\Eclipse Adoptium\jdk-17.0.8.7-hotspot\bin\zip.dll
0x00007ff86c740000 - 0x00007ff86c839000 	C:\WINDOWS\SYSTEM32\DNSAPI.dll
0x00007ff86c6d0000 - 0x00007ff86c6fd000 	C:\WINDOWS\SYSTEM32\IPHLPAPI.DLL
0x00007ff86ffc0000 - 0x00007ff86ffc9000 	C:\WINDOWS\System32\NSI.dll
0x00007ff864e60000 - 0x00007ff864e6a000 	C:\Windows\System32\rasadhlp.dll
0x00007ff85fe30000 - 0x00007ff85feb3000 	C:\WINDOWS\System32\fwpuclnt.dll
0x00007ff854af0000 - 0x00007ff854af9000 	C:\Program Files\Eclipse Adoptium\jdk-17.0.8.7-hotspot\bin\management.dll
0x00007ff8548a0000 - 0x00007ff8548ab000 	C:\Program Files\Eclipse Adoptium\jdk-17.0.8.7-hotspot\bin\management_ext.dll
0x00007ff870790000 - 0x00007ff870798000 	C:\WINDOWS\System32\PSAPI.DLL

dbghelp: loaded successfully - version: 4.0.5 - missing functions: none
symbol engine: initialized successfully - sym options: 0x614 - pdb path: .;C:\Program Files\Eclipse Adoptium\jdk-17.0.8.7-hotspot\bin;C:\WINDOWS\SYSTEM32;C:\WINDOWS\WinSxS\amd64_microsoft.windows.common-controls_6595b64144ccf1df_6.0.22621.3235_none_270f74e173860f98;C:\Program Files\Eclipse Adoptium\jdk-17.0.8.7-hotspot\bin\server

VM Arguments:
jvm_args: -XX:+ShowCodeDetailsInExceptionMessages 
java_command: Main
java_class_path (initial): C:\Users\Antsa\AppData\Roaming\Code\User\workspaceStorage\a0d9fd492c732b32e2550aa84963da6a\redhat.java\jdt_ws\template_generator_7eb74bb8\bin;g:\S5\Cluster_Mr_Naina\template_generator\lib\postgres.jar
Launcher Type: SUN_STANDARD

[Global flags]
     intx CICompilerCount                          = 4                                         {product} {ergonomic}
     uint ConcGCThreads                            = 2                                         {product} {ergonomic}
     uint G1ConcRefinementThreads                  = 8                                         {product} {ergonomic}
   size_t G1HeapRegionSize                         = 1048576                                   {product} {ergonomic}
    uintx GCDrainStackTargetSize                   = 64                                        {product} {ergonomic}
   size_t InitialHeapSize                          = 132120576                                 {product} {ergonomic}
   size_t MarkStackSize                            = 4194304                                   {product} {ergonomic}
   size_t MaxHeapSize                              = 2095054848                                {product} {ergonomic}
   size_t MaxNewSize                               = 1256194048                                {product} {ergonomic}
   size_t MinHeapDeltaBytes                        = 1048576                                   {product} {ergonomic}
   size_t MinHeapSize                              = 8388608                                   {product} {ergonomic}
    uintx NonNMethodCodeHeapSize                   = 5839372                                {pd product} {ergonomic}
    uintx NonProfiledCodeHeapSize                  = 122909434                              {pd product} {ergonomic}
    uintx ProfiledCodeHeapSize                     = 122909434                              {pd product} {ergonomic}
    uintx ReservedCodeCacheSize                    = 251658240                              {pd product} {ergonomic}
     bool SegmentedCodeCache                       = true                                      {product} {ergonomic}
     bool ShowCodeDetailsInExceptionMessages       = true                                   {manageable} {command line}
   size_t SoftMaxHeapSize                          = 2095054848                             {manageable} {ergonomic}
     bool UseCompressedClassPointers               = true                           {product lp64_product} {ergonomic}
     bool UseCompressedOops                        = true                           {product lp64_product} {ergonomic}
     bool UseG1GC                                  = true                                      {product} {ergonomic}
     bool UseLargePagesIndividualAllocation        = false                                  {pd product} {ergonomic}

Logging:
Log output configuration:
 #0: stdout all=warning uptime,level,tags
 #1: stderr all=off uptime,level,tags

Environment Variables:
JAVA_HOME=C:\Program Files\Eclipse Adoptium\jdk-17.0.8.7-hotspot
CLASSPATH=.;C:\servlet-api.jar;C:\postgres.jar;C:\mp3agic-0.9.1.jar;C:\target\sample-project-1.0.0.jar;C:\ojdbc6.jar;C:\gson-2.8.2.jar;C:\jung_algorithms_2.0.1.jar;C:\jung_api_2.0.1.jar;C:\jung_graph_impl_2.0.1.jar;C:\jung_visualization_2.0.1.jar;C:\jung_collections_generic_4.01.jar;
PATH=C:\Python312\Scripts\;C:\Python312\;C:\Program Files\Eclipse Adoptium\jdk-17.0.8.7-hotspot\bin;C:\Program Files\Microsoft\jdk-11.0.16.101-hotspot\bin;C:\Program Files\Java\jdk-14.0.1\bin;C:\Users\Kakana\product\11.2.0\dbhome_1\bin;C:\app\Antsa\product\11.2.0\dbhome_2\bin;C:\app\Antsa\product\11.2.0\dbhome_1\bin;C:\Users\Antsa\Downloads\WINDOWS.X64_180000_db_home\bin;C:\WINDOWS\system32;C:\WINDOWS;C:\WINDOWS\System32\Wbem;C:\WINDOWS\System32\WindowsPowerShell\v1.0\;C:\WINDOWS\System32\OpenSSH\;C:\MinGW\bin;C:\ProgramData\Oracle\Java\javapath;C:\Program Files\PostgreSQL\10\bin;C:\Program Files\apache-maven-3.8.6\bin;C:\UwAmp\bin\php\php-5.4.31;C:\UwAmp\bin\php\php-5.4.31\ext;C:\Program Files\dotnet\;C:\Program Files\Git\cmd;C:\instantclient_19_6;C:\Program Files (x86)\Microsoft SQL Server\160\DTS\Binn\;C:\Program Files\Azure Data Studio\bin;C:\Program Files\Microsoft SQL Server\150\Tools\Binn\;C:\Program Files\Microsoft SQL Server\Client SDK\ODBC\170\Tools\Binn\;C:\Program Files (x86)\Microsoft SQL Server\160\Tools\Binn\;C:\Program Files\Microsoft SQL Server\160\Tools\Binn\;C:\Program Files\Microsoft SQL Server\160\DTS\Binn\;C:\Program Files\nodejs\;C:\ProgramData\chocolatey\bin;C:\Program Files\Docker\Docker\resources\bin;C:\xampp\php;C:\composer;C:\Program Files\Eclipse Adoptium\jdk-17.0.8.7-hotspot\bin;C:\Program Files\apache-maven-3.8.6\bin;C:\Users\Antsa\AppData\Local\Microsoft\WindowsApps;C:\Users\Antsa\AppData\Local\Programs\Microsoft VS Code\bin;C:\Program Files\Java\jdk-14.0.1\bin;C:\Program Files\JetBrains\IntelliJ IDEA Community Edition 2022.1\bin;;C:\Program Files\JetBrains\DataGrip 2022.3.1\bin;;C:\Users\Antsa\AppData\Local\GitHubDesktop\bin;C:\Program Files\Azure Data Studio\bin;C:\Users\Antsa\.dotnet\tools;C:\Users\Antsa\AppData\Roaming\npm;C:\Users\Antsa\AppData\Roaming\Composer\vendor\bin
USERNAME=Antsa
LANG=en_US.UTF-8
OS=Windows_NT
PROCESSOR_IDENTIFIER=Intel64 Family 6 Model 140 Stepping 1, GenuineIntel
TMP=C:\Users\Antsa\AppData\Local\Temp
TEMP=C:\Users\Antsa\AppData\Local\Temp



---------------  S Y S T E M  ---------------

OS:
 Windows 11 , 64 bit Build 22621 (10.0.22621.3235)
OS uptime: 0 days 11:58 hours
Hyper-V role detected

CPU: total 8 (initial active 8) (4 cores per cpu, 2 threads per core) family 6 model 140 stepping 1 microcode 0x86, cx8, cmov, fxsr, ht, mmx, 3dnowpref, sse, sse2, sse3, ssse3, sse4.1, sse4.2, popcnt, lzcnt, tsc, tscinvbit, avx, avx2, aes, erms, clmul, bmi1, bmi2, adx, avx512f, avx512dq, avx512cd, avx512bw, avx512vl, sha, fma, vzeroupper, avx512_vpopcntdq, avx512_vpclmulqdq, avx512_vaes, avx512_vnni, clflush, clflushopt, clwb, avx512_vbmi2, avx512_vbmi, hv
Processor Information for processor 0
  Max Mhz: 2419, Current Mhz: 1007, Mhz Limit: 2419
Processor Information for processor 1
  Max Mhz: 2419, Current Mhz: 2419, Mhz Limit: 2419
Processor Information for processor 2
  Max Mhz: 2419, Current Mhz: 2419, Mhz Limit: 2419
Processor Information for processor 3
  Max Mhz: 2419, Current Mhz: 2419, Mhz Limit: 2419
Processor Information for processor 4
  Max Mhz: 2419, Current Mhz: 2419, Mhz Limit: 2419
Processor Information for processor 5
  Max Mhz: 2419, Current Mhz: 1007, Mhz Limit: 2419
Processor Information for processor 6
  Max Mhz: 2419, Current Mhz: 2419, Mhz Limit: 2419
Processor Information for processor 7
  Max Mhz: 2419, Current Mhz: 2419, Mhz Limit: 2419

Memory: 4k page, system-wide physical 7987M (688M free)
TotalPageFile size 10035M (AvailPageFile size 5M)
current process WorkingSet (physical memory assigned to process): 89M, peak: 89M
current process commit charge ("private bytes"): 232M, peak: 232M

vm_info: OpenJDK 64-Bit Server VM (17.0.8+7) for windows-amd64 JRE (17.0.8+7), built on Jul 18 2023 21:02:32 by "admin" with MS VC++ 16.7 (VS2019)

END.
