#
# There is insufficient memory for the Java Runtime Environment to continue.
# Native memory allocation (malloc) failed to allocate 1234176 bytes for Chunk::new
# Possible reasons:
#   The system is out of physical RAM or swap space
#   The process is running with CompressedOops enabled, and the Java Heap may be blocking the growth of the native heap
# Possible solutions:
#   Reduce memory load on the system
#   Increase physical memory or swap space
#   Check if swap backing store is full
#   Decrease Java heap size (-Xmx/-Xms)
#   Decrease number of Java threads
#   Decrease Java thread stack sizes (-Xss)
#   Set larger code cache with -XX:ReservedCodeCacheSize=
#   JVM is running with Unscaled Compressed Oops mode in which the Java heap is
#     placed in the first 4GB address space. The Java Heap base address is the
#     maximum limit for the native heap growth. Please use -XX:HeapBaseMinAddress
#     to set the Java Heap base and to place the Java Heap above 4GB virtual address.
# This output file may be truncated or incomplete.
#
#  Out of Memory Error (arena.cpp:189), pid=1376, tid=11020
#
# JRE version: OpenJDK Runtime Environment Temurin-17.0.6+10 (17.0.6+10) (build 17.0.6+10)
# Java VM: OpenJDK 64-Bit Server VM Temurin-17.0.6+10 (17.0.6+10, mixed mode, tiered, compressed oops, compressed class ptrs, parallel gc, windows-amd64)
# No core dump will be written. Minidumps are not enabled by default on client versions of Windows
#

---------------  S U M M A R Y ------------

Command Line: --add-modules=ALL-SYSTEM --add-opens=java.base/java.util=ALL-UNNAMED --add-opens=java.base/java.lang=ALL-UNNAMED --add-opens=java.base/sun.nio.fs=ALL-UNNAMED -Declipse.application=org.eclipse.jdt.ls.core.id1 -Dosgi.bundles.defaultStartLevel=4 -Declipse.product=org.eclipse.jdt.ls.core.product -Djava.import.generatesMetadataFilesAtProjectRoot=false -Dfile.encoding=utf8 -XX:+UseParallelGC -XX:GCTimeRatio=4 -XX:AdaptiveSizePolicyWeight=90 -Dsun.zip.disableMemoryMapping=true -Xmx1G -Xms100m -Xlog:disable -javaagent:c:\Users\Antsa\.vscode\extensions\redhat.java-1.16.0-win32-x64\lombok\lombok-1.18.24.jar -XX:+HeapDumpOnOutOfMemoryError -XX:HeapDumpPath=c:\Users\Antsa\AppData\Roaming\Code\User\workspaceStorage\a0d9fd492c732b32e2550aa84963da6a\redhat.java c:\Users\Antsa\.vscode\extensions\redhat.java-1.16.0-win32-x64\server\plugins\org.eclipse.equinox.launcher_1.6.400.v20210924-0641.jar -configuration c:\Users\Antsa\AppData\Roaming\Code\User\globalStorage\redhat.java\1.16.0\config_win -data c:\Users\Antsa\AppData\Roaming\Code\User\workspaceStorage\a0d9fd492c732b32e2550aa84963da6a\redhat.java\jdt_ws

Host: 11th Gen Intel(R) Core(TM) i5-1135G7 @ 2.40GHz, 8 cores, 7G,  Windows 11 , 64 bit Build 22621 (10.0.22621.3235)
Time: Wed Mar  6 06:19:04 2024 Afrique de l, 64 bit Build 22621 (10.0.22621.3235) elapsed time: 382.145813 seconds (0d 0h 6m 22s)

---------------  T H R E A D  ---------------

Current thread (0x0000020b58690b70):  JavaThread "C2 CompilerThread0" daemon [_thread_in_native, id=11020, stack(0x000000578b200000,0x000000578b300000)]


Current CompileTask:
C2: 382145 20380   !   4       org.eclipse.jdt.internal.compiler.lookup.LookupEnvironment::askForType (492 bytes)

Stack: [0x000000578b200000,0x000000578b300000]
Native frames: (J=compiled Java code, j=interpreted, Vv=VM code, C=native code)
V  [jvm.dll+0x67741a]
V  [jvm.dll+0x834434]
V  [jvm.dll+0x835bde]
V  [jvm.dll+0x836243]
V  [jvm.dll+0x2457b5]
V  [jvm.dll+0xabafc]
V  [jvm.dll+0xac0cc]
V  [jvm.dll+0x2ac94f]
V  [jvm.dll+0x57de47]
V  [jvm.dll+0x220812]
V  [jvm.dll+0x220bef]
V  [jvm.dll+0x21a445]
V  [jvm.dll+0x21790b]
V  [jvm.dll+0x1a3d0d]
V  [jvm.dll+0x22742a]
V  [jvm.dll+0x225565]
V  [jvm.dll+0x7ea2cb]
V  [jvm.dll+0x7e483a]
V  [jvm.dll+0x6762c5]
C  [ucrtbase.dll+0x29363]
C  [KERNEL32.DLL+0x1257d]
C  [ntdll.dll+0x5aa58]


---------------  P R O C E S S  ---------------

Threads class SMR info:
_java_thread_list=0x0000020b5b482c60, length=39, elements={
0x0000020b42d0a030, 0x0000020b56b78a90, 0x0000020b56b79ae0, 0x0000020b5868af20,
0x0000020b5868b8e0, 0x0000020b5868cc30, 0x0000020b5868fe90, 0x0000020b58690b70,
0x0000020b5869e910, 0x0000020b586a7a90, 0x0000020b588218c0, 0x0000020b58820a50,
0x0000020b58822260, 0x0000020b58820f20, 0x0000020b588213f0, 0x0000020b5abe46f0,
0x0000020b5abe4bc0, 0x0000020b5abe5a30, 0x0000020b5abe0390, 0x0000020b5abe5090,
0x0000020b5abe5560, 0x0000020b5abe33b0, 0x0000020b5abe2a10, 0x0000020b5abe6d70,
0x0000020b5abe7240, 0x0000020b5abe7710, 0x0000020b5abe7be0, 0x0000020b5abe3880,
0x0000020b58821d90, 0x0000020b5a917700, 0x0000020b5a918570, 0x0000020b5a9163c0,
0x0000020b5a912530, 0x0000020b5a9146e0, 0x0000020b5eae1980, 0x0000020b5eae0170,
0x0000020b5eadee30, 0x0000020b5eadcc80, 0x0000020b5eae0fe0
}

Java Threads: ( => current thread )
  0x0000020b42d0a030 JavaThread "main" [_thread_blocked, id=10576, stack(0x000000578a900000,0x000000578aa00000)]
  0x0000020b56b78a90 JavaThread "Reference Handler" daemon [_thread_blocked, id=11592, stack(0x000000578ac00000,0x000000578ad00000)]
  0x0000020b56b79ae0 JavaThread "Finalizer" daemon [_thread_blocked, id=14816, stack(0x000000578ad00000,0x000000578ae00000)]
  0x0000020b5868af20 JavaThread "Signal Dispatcher" daemon [_thread_blocked, id=3740, stack(0x000000578ae00000,0x000000578af00000)]
  0x0000020b5868b8e0 JavaThread "Attach Listener" daemon [_thread_blocked, id=14132, stack(0x000000578af00000,0x000000578b000000)]
  0x0000020b5868cc30 JavaThread "Service Thread" daemon [_thread_blocked, id=13028, stack(0x000000578b000000,0x000000578b100000)]
  0x0000020b5868fe90 JavaThread "Monitor Deflation Thread" daemon [_thread_blocked, id=11996, stack(0x000000578b100000,0x000000578b200000)]
=>0x0000020b58690b70 JavaThread "C2 CompilerThread0" daemon [_thread_in_native, id=11020, stack(0x000000578b200000,0x000000578b300000)]
  0x0000020b5869e910 JavaThread "C1 CompilerThread0" daemon [_thread_blocked, id=5360, stack(0x000000578b300000,0x000000578b400000)]
  0x0000020b586a7a90 JavaThread "Sweeper thread" daemon [_thread_blocked, id=14860, stack(0x000000578b400000,0x000000578b500000)]
  0x0000020b588218c0 JavaThread "Common-Cleaner" daemon [_thread_blocked, id=14448, stack(0x000000578b500000,0x000000578b600000)]
  0x0000020b58820a50 JavaThread "Notification Thread" daemon [_thread_blocked, id=15256, stack(0x000000578b600000,0x000000578b700000)]
  0x0000020b58822260 JavaThread "Active Thread: Equinox Container: 8824a40e-04f5-4aa5-9ba2-256b8a794bc4" [_thread_blocked, id=14204, stack(0x000000578b900000,0x000000578ba00000)]
  0x0000020b58820f20 JavaThread "Framework Event Dispatcher: Equinox Container: 8824a40e-04f5-4aa5-9ba2-256b8a794bc4" daemon [_thread_blocked, id=6492, stack(0x000000578c000000,0x000000578c100000)]
  0x0000020b588213f0 JavaThread "Start Level: Equinox Container: 8824a40e-04f5-4aa5-9ba2-256b8a794bc4" daemon [_thread_blocked, id=12112, stack(0x000000578c100000,0x000000578c200000)]
  0x0000020b5abe46f0 JavaThread "SCR Component Actor" daemon [_thread_blocked, id=9784, stack(0x000000578c200000,0x000000578c300000)]
  0x0000020b5abe4bc0 JavaThread "Worker-JM" [_thread_blocked, id=2072, stack(0x000000578b800000,0x000000578b900000)]
  0x0000020b5abe5a30 JavaThread "Java indexing" daemon [_thread_blocked, id=13412, stack(0x000000578c800000,0x000000578c900000)]
  0x0000020b5abe0390 JavaThread "JNA Cleaner" daemon [_thread_blocked, id=14760, stack(0x000000578c900000,0x000000578ca00000)]
  0x0000020b5abe5090 JavaThread "pool-2-thread-1" [_thread_blocked, id=5588, stack(0x000000578ca00000,0x000000578cb00000)]
  0x0000020b5abe5560 JavaThread "pool-1-thread-1" [_thread_in_native, id=11584, stack(0x000000578cc00000,0x000000578cd00000)]
  0x0000020b5abe33b0 JavaThread "Worker-4" [_thread_blocked, id=5452, stack(0x000000578c700000,0x000000578c800000)]
  0x0000020b5abe2a10 JavaThread "Worker-5" [_thread_blocked, id=1236, stack(0x000000578c400000,0x000000578c500000)]
  0x0000020b5abe6d70 JavaThread "ForkJoinPool.commonPool-worker-1" daemon [_thread_in_Java, id=3224, stack(0x000000578cd00000,0x000000578ce00000)]
  0x0000020b5abe7240 JavaThread "ForkJoinPool.commonPool-worker-2" daemon [_thread_blocked, id=10588, stack(0x000000578cf00000,0x000000578d000000)]
  0x0000020b5abe7710 JavaThread "ForkJoinPool.commonPool-worker-3" daemon [_thread_blocked, id=6496, stack(0x000000578d000000,0x000000578d100000)]
  0x0000020b5abe7be0 JavaThread "ForkJoinPool.commonPool-worker-4" daemon [_thread_blocked, id=5792, stack(0x000000578d100000,0x000000578d200000)]
  0x0000020b5abe3880 JavaThread "Bundle File Closer" daemon [_thread_blocked, id=5500, stack(0x000000578d200000,0x000000578d300000)]
  0x0000020b58821d90 JavaThread "ForkJoinPool.commonPool-worker-5" daemon [_thread_blocked, id=6488, stack(0x000000578d700000,0x000000578d800000)]
  0x0000020b5a917700 JavaThread "ForkJoinPool.commonPool-worker-6" daemon [_thread_blocked, id=12416, stack(0x000000578d800000,0x000000578d900000)]
  0x0000020b5a918570 JavaThread "ForkJoinPool.commonPool-worker-7" daemon [_thread_blocked, id=5192, stack(0x000000578d900000,0x000000578da00000)]
  0x0000020b5a9163c0 JavaThread "Java Debug Server" daemon [_thread_in_native, id=2544, stack(0x000000578db00000,0x000000578dc00000)]
  0x0000020b5a912530 JavaThread "RxSchedulerPurge-1" daemon [_thread_blocked, id=6404, stack(0x000000578dd00000,0x000000578de00000)]
  0x0000020b5a9146e0 JavaThread "RxCachedWorkerPoolEvictor-1" daemon [_thread_blocked, id=13796, stack(0x000000578de00000,0x000000578df00000)]
  0x0000020b5eae1980 JavaThread "pool-3-thread-2" [_thread_in_native, id=14092, stack(0x000000578a600000,0x000000578a700000)]
  0x0000020b5eae0170 JavaThread "process reaper" daemon [_thread_in_native, id=12640, stack(0x000000578a3c0000,0x000000578a3e0000)]
  0x0000020b5eadee30 JavaThread "Worker-8" [_thread_blocked, id=14848, stack(0x000000578cb00000,0x000000578cc00000)]
  0x0000020b5eadcc80 JavaThread "Worker-9" [_thread_blocked, id=4328, stack(0x000000578a800000,0x000000578a900000)]
  0x0000020b5eae0fe0 JavaThread "RxNewThreadScheduler-5" daemon [_thread_blocked, id=15024, stack(0x000000578a700000,0x000000578a800000)]

Other Threads:
  0x0000020b42dbe510 VMThread "VM Thread" [stack: 0x000000578ab00000,0x000000578ac00000] [id=11612]
  0x0000020b588bd7f0 WatcherThread [stack: 0x000000578b700000,0x000000578b800000] [id=5744]
  0x0000020b42d1f130 GCTaskThread "GC Thread#0" [stack: 0x000000578aa00000,0x000000578ab00000] [id=9448]
  0x0000020b5aa57020 GCTaskThread "GC Thread#1" [stack: 0x000000578ba00000,0x000000578bb00000] [id=2796]
  0x0000020b5aa572d0 GCTaskThread "GC Thread#2" [stack: 0x000000578bb00000,0x000000578bc00000] [id=10896]
  0x0000020b5aa57580 GCTaskThread "GC Thread#3" [stack: 0x000000578bc00000,0x000000578bd00000] [id=1920]
  0x0000020b5aa57830 GCTaskThread "GC Thread#4" [stack: 0x000000578bd00000,0x000000578be00000] [id=2064]
  0x0000020b5aa57ae0 GCTaskThread "GC Thread#5" [stack: 0x000000578be00000,0x000000578bf00000] [id=6824]
  0x0000020b5aa57d90 GCTaskThread "GC Thread#6" [stack: 0x000000578bf00000,0x000000578c000000] [id=14800]
  0x0000020b5aab8120 GCTaskThread "GC Thread#7" [stack: 0x000000578c300000,0x000000578c400000] [id=13244]

Threads with active compile tasks:
C2 CompilerThread0   382181 20380   !   4       org.eclipse.jdt.internal.compiler.lookup.LookupEnvironment::askForType (492 bytes)

VM state: not at safepoint (normal execution)

VM Mutex/Monitor currently owned by a thread: None

Heap address: 0x00000000c0000000, size: 1024 MB, Compressed Oops mode: 32-bit

CDS archive(s) not mapped
Compressed class space mapped at: 0x0000000100000000-0x0000000140000000, reserved size: 1073741824
Narrow klass base: 0x0000000000000000, Narrow klass shift: 3, Narrow klass range: 0x140000000

GC Precious Log:
 CPUs: 8 total, 8 available
 Memory: 7987M
 Large Page Support: Disabled
 NUMA Support: Disabled
 Compressed Oops: Enabled (32-bit)
 Alignments: Space 512K, Generation 512K, Heap 2M
 Heap Min Capacity: 100M
 Heap Initial Capacity: 100M
 Heap Max Capacity: 1G
 Pre-touch: Disabled
 Parallel Workers: 8

Heap:
 PSYoungGen      total 5120K, used 2980K [0x00000000eab00000, 0x00000000eb180000, 0x0000000100000000)
  eden space 3584K, 45% used [0x00000000eab00000,0x00000000eac93f68,0x00000000eae80000)
  from space 1536K, 88% used [0x00000000eae80000,0x00000000eafd5220,0x00000000eb000000)
  to   space 1536K, 0% used [0x00000000eb000000,0x00000000eb000000,0x00000000eb180000)
 ParOldGen       total 263168K, used 236302K [0x00000000c0000000, 0x00000000d0100000, 0x00000000eab00000)
  object space 263168K, 89% used [0x00000000c0000000,0x00000000ce6c3a08,0x00000000d0100000)
 Metaspace       used 86003K, committed 87360K, reserved 1130496K
  class space    used 8569K, committed 9216K, reserved 1048576K

Card table byte_map: [0x0000020b426c0000,0x0000020b428d0000] _byte_map_base: 0x0000020b420c0000

Marking Bits: (ParMarkBitMap*) 0x00007ff808fc3e70
 Begin Bits: [0x0000020b54980000, 0x0000020b55980000)
 End Bits:   [0x0000020b55980000, 0x0000020b56980000)

Polling page: 0x0000020b40cc0000

Metaspace:

Usage:
  Non-class:     75.62 MB used.
      Class:      8.37 MB used.
       Both:     83.99 MB used.

Virtual space:
  Non-class space:       80.00 MB reserved,      76.31 MB ( 95%) committed,  10 nodes.
      Class space:        1.00 GB reserved,       9.00 MB ( <1%) committed,  1 nodes.
             Both:        1.08 GB reserved,      85.31 MB (  8%) committed. 

Chunk freelists:
   Non-Class:  3.73 MB
       Class:  3.00 MB
        Both:  6.72 MB

MaxMetaspaceSize: unlimited
CompressedClassSpaceSize: 1.00 GB
Initial GC threshold: 21.00 MB
Current GC threshold: 142.12 MB
CDS: off
MetaspaceReclaimPolicy: balanced
 - commit_granule_bytes: 65536.
 - commit_granule_words: 8192.
 - virtual_space_node_default_size: 1048576.
 - enlarge_chunks_in_place: 1.
 - new_chunks_are_fully_committed: 0.
 - uncommit_free_chunks: 1.
 - use_allocation_guard: 0.
 - handle_deallocations: 1.


Internal statistics:

num_allocs_failed_limit: 9.
num_arena_births: 976.
num_arena_deaths: 14.
num_vsnodes_births: 11.
num_vsnodes_deaths: 0.
num_space_committed: 1365.
num_space_uncommitted: 0.
num_chunks_returned_to_freelist: 23.
num_chunks_taken_from_freelist: 4659.
num_chunk_merges: 13.
num_chunk_splits: 2876.
num_chunks_enlarged: 1611.
num_purges: 2.
num_inconsistent_stats: 0.

CodeHeap 'non-profiled nmethods': size=120000Kb used=14697Kb max_used=17084Kb free=105302Kb
 bounds [0x0000020b4d450000, 0x0000020b4e520000, 0x0000020b54980000]
CodeHeap 'profiled nmethods': size=120000Kb used=32579Kb max_used=32984Kb free=87420Kb
 bounds [0x0000020b45980000, 0x0000020b47a20000, 0x0000020b4ceb0000]
CodeHeap 'non-nmethods': size=5760Kb used=1436Kb max_used=1537Kb free=4323Kb
 bounds [0x0000020b4ceb0000, 0x0000020b4d120000, 0x0000020b4d450000]
 total_blobs=15819 nmethods=15044 adapters=684
 compilation: enabled
              stopped_count=0, restarted_count=0
 full_count=0

Compilation events (20 events):
Event: 382.001 Thread 0x0000020b58690b70 nmethod 20373 0x0000020b4e05a210 code [0x0000020b4e05a380, 0x0000020b4e05a458]
Event: 382.001 Thread 0x0000020b58690b70 20374       4       org.eclipse.jdt.internal.compiler.lookup.Scope::findMemberType (723 bytes)
Event: 382.006 Thread 0x0000020b5869e910 20376       3       org.eclipse.jdt.internal.compiler.ast.ArrayReference::analyseAssignment (69 bytes)
Event: 382.006 Thread 0x0000020b5869e910 nmethod 20376 0x0000020b47015c10 code [0x0000020b47015e20, 0x0000020b47016488]
Event: 382.006 Thread 0x0000020b5869e910 20377       3       org.eclipse.jdt.internal.compiler.ast.ParameterizedSingleTypeReference::traverse (178 bytes)
Event: 382.007 Thread 0x0000020b5869e910 nmethod 20377 0x0000020b46e5be10 code [0x0000020b46e5c040, 0x0000020b46e5cbd8]
Event: 382.007 Thread 0x0000020b5869e910 20378       3       org.eclipse.jdt.internal.compiler.ASTVisitor::endVisit (1 bytes)
Event: 382.007 Thread 0x0000020b5869e910 nmethod 20378 0x0000020b45e3a890 code [0x0000020b45e3aa20, 0x0000020b45e3ab38]
Event: 382.015 Thread 0x0000020b5869e910 20383       3       org.eclipse.jdt.core.dom.ArrayCreation::setType (41 bytes)
Event: 382.015 Thread 0x0000020b5869e910 nmethod 20383 0x0000020b46f7b010 code [0x0000020b46f7b1e0, 0x0000020b46f7b4a8]
Event: 382.015 Thread 0x0000020b5869e910 20384       3       org.eclipse.jdt.core.dom.ASTConverter::convert (56 bytes)
Event: 382.016 Thread 0x0000020b5869e910 nmethod 20384 0x0000020b47397690 code [0x0000020b473978a0, 0x0000020b47397d78]
Event: 382.016 Thread 0x0000020b5869e910 20385   !   3       jdk.internal.reflect.GeneratedMethodAccessor48::invoke (66 bytes)
Event: 382.017 Thread 0x0000020b5869e910 nmethod 20385 0x0000020b47524810 code [0x0000020b47524a00, 0x0000020b47524e88]
Event: 382.017 Thread 0x0000020b5869e910 20386   !   3       jdk.internal.reflect.GeneratedMethodAccessor49::invoke (66 bytes)
Event: 382.017 Thread 0x0000020b5869e910 nmethod 20386 0x0000020b47523b90 code [0x0000020b47523da0, 0x0000020b475243e8]
Event: 382.025 Thread 0x0000020b5869e910 20387       1       org.eclipse.jdt.ls.core.internal.handlers.InlayHintVisitor::getInlayHints (5 bytes)
Event: 382.026 Thread 0x0000020b5869e910 nmethod 20387 0x0000020b4d881110 code [0x0000020b4d8812a0, 0x0000020b4d881378]
Event: 382.027 Thread 0x0000020b58690b70 nmethod 20374 0x0000020b4da7bc10 code [0x0000020b4da7bf20, 0x0000020b4da7d260]
Event: 382.027 Thread 0x0000020b58690b70 20380   !   4       org.eclipse.jdt.internal.compiler.lookup.LookupEnvironment::askForType (492 bytes)

GC Heap History (20 events):
Event: 379.028 GC heap before
{Heap before GC invocations=1794 (full 34):
 PSYoungGen      total 5120K, used 5120K [0x00000000eab00000, 0x00000000eb200000, 0x0000000100000000)
  eden space 4608K, 100% used [0x00000000eab00000,0x00000000eaf80000,0x00000000eaf80000)
  from space 512K, 100% used [0x00000000eb180000,0x00000000eb200000,0x00000000eb200000)
  to   space 1024K, 0% used [0x00000000eb000000,0x00000000eb000000,0x00000000eb100000)
 ParOldGen       total 263168K, used 226821K [0x00000000c0000000, 0x00000000d0100000, 0x00000000eab00000)
  object space 263168K, 86% used [0x00000000c0000000,0x00000000cdd81750,0x00000000d0100000)
 Metaspace       used 85990K, committed 87296K, reserved 1130496K
  class space    used 8569K, committed 9216K, reserved 1048576K
}
Event: 379.029 GC heap after
{Heap after GC invocations=1794 (full 34):
 PSYoungGen      total 5632K, used 928K [0x00000000eab00000, 0x00000000eb200000, 0x0000000100000000)
  eden space 4608K, 0% used [0x00000000eab00000,0x00000000eab00000,0x00000000eaf80000)
  from space 1024K, 90% used [0x00000000eb000000,0x00000000eb0e8010,0x00000000eb100000)
  to   space 1024K, 0% used [0x00000000eb100000,0x00000000eb100000,0x00000000eb200000)
 ParOldGen       total 263168K, used 227117K [0x00000000c0000000, 0x00000000d0100000, 0x00000000eab00000)
  object space 263168K, 86% used [0x00000000c0000000,0x00000000cddcb530,0x00000000d0100000)
 Metaspace       used 85990K, committed 87296K, reserved 1130496K
  class space    used 8569K, committed 9216K, reserved 1048576K
}
Event: 379.051 GC heap before
{Heap before GC invocations=1795 (full 34):
 PSYoungGen      total 5632K, used 5536K [0x00000000eab00000, 0x00000000eb200000, 0x0000000100000000)
  eden space 4608K, 100% used [0x00000000eab00000,0x00000000eaf80000,0x00000000eaf80000)
  from space 1024K, 90% used [0x00000000eb000000,0x00000000eb0e8010,0x00000000eb100000)
  to   space 1024K, 0% used [0x00000000eb100000,0x00000000eb100000,0x00000000eb200000)
 ParOldGen       total 263168K, used 227117K [0x00000000c0000000, 0x00000000d0100000, 0x00000000eab00000)
  object space 263168K, 86% used [0x00000000c0000000,0x00000000cddcb530,0x00000000d0100000)
 Metaspace       used 85992K, committed 87296K, reserved 1130496K
  class space    used 8569K, committed 9216K, reserved 1048576K
}
Event: 379.052 GC heap after
{Heap after GC invocations=1795 (full 34):
 PSYoungGen      total 5120K, used 224K [0x00000000eab00000, 0x00000000eb180000, 0x0000000100000000)
  eden space 4608K, 0% used [0x00000000eab00000,0x00000000eab00000,0x00000000eaf80000)
  from space 512K, 43% used [0x00000000eb100000,0x00000000eb138000,0x00000000eb180000)
  to   space 512K, 0% used [0x00000000eb080000,0x00000000eb080000,0x00000000eb100000)
 ParOldGen       total 263168K, used 227837K [0x00000000c0000000, 0x00000000d0100000, 0x00000000eab00000)
  object space 263168K, 86% used [0x00000000c0000000,0x00000000cde7f540,0x00000000d0100000)
 Metaspace       used 85992K, committed 87296K, reserved 1130496K
  class space    used 8569K, committed 9216K, reserved 1048576K
}
Event: 379.140 GC heap before
{Heap before GC invocations=1796 (full 34):
 PSYoungGen      total 5120K, used 4832K [0x00000000eab00000, 0x00000000eb180000, 0x0000000100000000)
  eden space 4608K, 100% used [0x00000000eab00000,0x00000000eaf80000,0x00000000eaf80000)
  from space 512K, 43% used [0x00000000eb100000,0x00000000eb138000,0x00000000eb180000)
  to   space 512K, 0% used [0x00000000eb080000,0x00000000eb080000,0x00000000eb100000)
 ParOldGen       total 263168K, used 227837K [0x00000000c0000000, 0x00000000d0100000, 0x00000000eab00000)
  object space 263168K, 86% used [0x00000000c0000000,0x00000000cde7f540,0x00000000d0100000)
 Metaspace       used 85992K, committed 87296K, reserved 1130496K
  class space    used 8569K, committed 9216K, reserved 1048576K
}
Event: 379.142 GC heap after
{Heap after GC invocations=1796 (full 34):
 PSYoungGen      total 5120K, used 484K [0x00000000eab00000, 0x00000000eb280000, 0x0000000100000000)
  eden space 4608K, 0% used [0x00000000eab00000,0x00000000eab00000,0x00000000eaf80000)
  from space 512K, 94% used [0x00000000eb080000,0x00000000eb0f9210,0x00000000eb100000)
  to   space 1536K, 0% used [0x00000000eb100000,0x00000000eb100000,0x00000000eb280000)
 ParOldGen       total 263168K, used 228517K [0x00000000c0000000, 0x00000000d0100000, 0x00000000eab00000)
  object space 263168K, 86% used [0x00000000c0000000,0x00000000cdf29560,0x00000000d0100000)
 Metaspace       used 85992K, committed 87296K, reserved 1130496K
  class space    used 8569K, committed 9216K, reserved 1048576K
}
Event: 379.160 GC heap before
{Heap before GC invocations=1797 (full 34):
 PSYoungGen      total 5120K, used 5085K [0x00000000eab00000, 0x00000000eb280000, 0x0000000100000000)
  eden space 4608K, 99% used [0x00000000eab00000,0x00000000eaf7e4a8,0x00000000eaf80000)
  from space 512K, 94% used [0x00000000eb080000,0x00000000eb0f9210,0x00000000eb100000)
  to   space 1536K, 0% used [0x00000000eb100000,0x00000000eb100000,0x00000000eb280000)
 ParOldGen       total 263168K, used 228517K [0x00000000c0000000, 0x00000000d0100000, 0x00000000eab00000)
  object space 263168K, 86% used [0x00000000c0000000,0x00000000cdf29560,0x00000000d0100000)
 Metaspace       used 85993K, committed 87296K, reserved 1130496K
  class space    used 8569K, committed 9216K, reserved 1048576K
}
Event: 379.162 GC heap after
{Heap after GC invocations=1797 (full 34):
 PSYoungGen      total 5632K, used 1472K [0x00000000eab00000, 0x00000000eb380000, 0x0000000100000000)
  eden space 4096K, 0% used [0x00000000eab00000,0x00000000eab00000,0x00000000eaf00000)
  from space 1536K, 95% used [0x00000000eb100000,0x00000000eb270010,0x00000000eb280000)
  to   space 2048K, 0% used [0x00000000eaf00000,0x00000000eaf00000,0x00000000eb100000)
 ParOldGen       total 263168K, used 228987K [0x00000000c0000000, 0x00000000d0100000, 0x00000000eab00000)
  object space 263168K, 87% used [0x00000000c0000000,0x00000000cdf9ec10,0x00000000d0100000)
 Metaspace       used 85993K, committed 87296K, reserved 1130496K
  class space    used 8569K, committed 9216K, reserved 1048576K
}
Event: 379.172 GC heap before
{Heap before GC invocations=1798 (full 34):
 PSYoungGen      total 5632K, used 5568K [0x00000000eab00000, 0x00000000eb380000, 0x0000000100000000)
  eden space 4096K, 100% used [0x00000000eab00000,0x00000000eaf00000,0x00000000eaf00000)
  from space 1536K, 95% used [0x00000000eb100000,0x00000000eb270010,0x00000000eb280000)
  to   space 2048K, 0% used [0x00000000eaf00000,0x00000000eaf00000,0x00000000eb100000)
 ParOldGen       total 263168K, used 228987K [0x00000000c0000000, 0x00000000d0100000, 0x00000000eab00000)
  object space 263168K, 87% used [0x00000000c0000000,0x00000000cdf9ec10,0x00000000d0100000)
 Metaspace       used 85995K, committed 87296K, reserved 1130496K
  class space    used 8569K, committed 9216K, reserved 1048576K
}
Event: 379.175 GC heap after
{Heap after GC invocations=1798 (full 34):
 PSYoungGen      total 5120K, used 612K [0x00000000eab00000, 0x00000000eb180000, 0x0000000100000000)
  eden space 4096K, 0% used [0x00000000eab00000,0x00000000eab00000,0x00000000eaf00000)
  from space 1024K, 59% used [0x00000000eaf00000,0x00000000eaf99210,0x00000000eb000000)
  to   space 1024K, 0% used [0x00000000eb080000,0x00000000eb080000,0x00000000eb180000)
 ParOldGen       total 263168K, used 230298K [0x00000000c0000000, 0x00000000d0100000, 0x00000000eab00000)
  object space 263168K, 87% used [0x00000000c0000000,0x00000000ce0e6a00,0x00000000d0100000)
 Metaspace       used 85995K, committed 87296K, reserved 1130496K
  class space    used 8569K, committed 9216K, reserved 1048576K
}
Event: 381.991 GC heap before
{Heap before GC invocations=1799 (full 34):
 PSYoungGen      total 5120K, used 4708K [0x00000000eab00000, 0x00000000eb180000, 0x0000000100000000)
  eden space 4096K, 100% used [0x00000000eab00000,0x00000000eaf00000,0x00000000eaf00000)
  from space 1024K, 59% used [0x00000000eaf00000,0x00000000eaf99210,0x00000000eb000000)
  to   space 1024K, 0% used [0x00000000eb080000,0x00000000eb080000,0x00000000eb180000)
 ParOldGen       total 263168K, used 230298K [0x00000000c0000000, 0x00000000d0100000, 0x00000000eab00000)
  object space 263168K, 87% used [0x00000000c0000000,0x00000000ce0e6a00,0x00000000d0100000)
 Metaspace       used 85995K, committed 87296K, reserved 1130496K
  class space    used 8569K, committed 9216K, reserved 1048576K
}
Event: 381.992 GC heap after
{Heap after GC invocations=1799 (full 34):
 PSYoungGen      total 4608K, used 996K [0x00000000eab00000, 0x00000000eb300000, 0x0000000100000000)
  eden space 3584K, 0% used [0x00000000eab00000,0x00000000eab00000,0x00000000eae80000)
  from space 1024K, 97% used [0x00000000eb080000,0x00000000eb179210,0x00000000eb180000)
  to   space 2048K, 0% used [0x00000000eae80000,0x00000000eae80000,0x00000000eb080000)
 ParOldGen       total 263168K, used 230833K [0x00000000c0000000, 0x00000000d0100000, 0x00000000eab00000)
  object space 263168K, 87% used [0x00000000c0000000,0x00000000ce16c670,0x00000000d0100000)
 Metaspace       used 85995K, committed 87296K, reserved 1130496K
  class space    used 8569K, committed 9216K, reserved 1048576K
}
Event: 382.008 GC heap before
{Heap before GC invocations=1800 (full 34):
 PSYoungGen      total 4608K, used 4580K [0x00000000eab00000, 0x00000000eb300000, 0x0000000100000000)
  eden space 3584K, 100% used [0x00000000eab00000,0x00000000eae80000,0x00000000eae80000)
  from space 1024K, 97% used [0x00000000eb080000,0x00000000eb179210,0x00000000eb180000)
  to   space 2048K, 0% used [0x00000000eae80000,0x00000000eae80000,0x00000000eb080000)
 ParOldGen       total 263168K, used 230833K [0x00000000c0000000, 0x00000000d0100000, 0x00000000eab00000)
  object space 263168K, 87% used [0x00000000c0000000,0x00000000ce16c670,0x00000000d0100000)
 Metaspace       used 85999K, committed 87360K, reserved 1130496K
  class space    used 8569K, committed 9216K, reserved 1048576K
}
Event: 382.009 GC heap after
{Heap after GC invocations=1800 (full 34):
 PSYoungGen      total 5120K, used 1312K [0x00000000eab00000, 0x00000000eb180000, 0x0000000100000000)
  eden space 3584K, 0% used [0x00000000eab00000,0x00000000eab00000,0x00000000eae80000)
  from space 1536K, 85% used [0x00000000eae80000,0x00000000eafc8020,0x00000000eb000000)
  to   space 1536K, 0% used [0x00000000eb000000,0x00000000eb000000,0x00000000eb180000)
 ParOldGen       total 263168K, used 231829K [0x00000000c0000000, 0x00000000d0100000, 0x00000000eab00000)
  object space 263168K, 88% used [0x00000000c0000000,0x00000000ce265508,0x00000000d0100000)
 Metaspace       used 85999K, committed 87360K, reserved 1130496K
  class space    used 8569K, committed 9216K, reserved 1048576K
}
Event: 382.075 GC heap before
{Heap before GC invocations=1801 (full 34):
 PSYoungGen      total 5120K, used 4896K [0x00000000eab00000, 0x00000000eb180000, 0x0000000100000000)
  eden space 3584K, 100% used [0x00000000eab00000,0x00000000eae80000,0x00000000eae80000)
  from space 1536K, 85% used [0x00000000eae80000,0x00000000eafc8020,0x00000000eb000000)
  to   space 1536K, 0% used [0x00000000eb000000,0x00000000eb000000,0x00000000eb180000)
 ParOldGen       total 263168K, used 231829K [0x00000000c0000000, 0x00000000d0100000, 0x00000000eab00000)
  object space 263168K, 88% used [0x00000000c0000000,0x00000000ce265508,0x00000000d0100000)
 Metaspace       used 86003K, committed 87360K, reserved 1130496K
  class space    used 8569K, committed 9216K, reserved 1048576K
}
Event: 382.077 GC heap after
{Heap after GC invocations=1801 (full 34):
 PSYoungGen      total 5120K, used 980K [0x00000000eab00000, 0x00000000eb180000, 0x0000000100000000)
  eden space 3584K, 0% used [0x00000000eab00000,0x00000000eab00000,0x00000000eae80000)
  from space 1536K, 63% used [0x00000000eb000000,0x00000000eb0f5210,0x00000000eb180000)
  to   space 1536K, 0% used [0x00000000eae80000,0x00000000eae80000,0x00000000eb000000)
 ParOldGen       total 263168K, used 233077K [0x00000000c0000000, 0x00000000d0100000, 0x00000000eab00000)
  object space 263168K, 88% used [0x00000000c0000000,0x00000000ce39d528,0x00000000d0100000)
 Metaspace       used 86003K, committed 87360K, reserved 1130496K
  class space    used 8569K, committed 9216K, reserved 1048576K
}
Event: 382.091 GC heap before
{Heap before GC invocations=1802 (full 34):
 PSYoungGen      total 5120K, used 4564K [0x00000000eab00000, 0x00000000eb180000, 0x0000000100000000)
  eden space 3584K, 100% used [0x00000000eab00000,0x00000000eae80000,0x00000000eae80000)
  from space 1536K, 63% used [0x00000000eb000000,0x00000000eb0f5210,0x00000000eb180000)
  to   space 1536K, 0% used [0x00000000eae80000,0x00000000eae80000,0x00000000eb000000)
 ParOldGen       total 263168K, used 233077K [0x00000000c0000000, 0x00000000d0100000, 0x00000000eab00000)
  object space 263168K, 88% used [0x00000000c0000000,0x00000000ce39d528,0x00000000d0100000)
 Metaspace       used 86003K, committed 87360K, reserved 1130496K
  class space    used 8569K, committed 9216K, reserved 1048576K
}
Event: 382.092 GC heap after
{Heap after GC invocations=1802 (full 34):
 PSYoungGen      total 5120K, used 1472K [0x00000000eab00000, 0x00000000eb280000, 0x0000000100000000)
  eden space 3584K, 0% used [0x00000000eab00000,0x00000000eab00000,0x00000000eae80000)
  from space 1536K, 95% used [0x00000000eae80000,0x00000000eaff0020,0x00000000eb000000)
  to   space 2048K, 0% used [0x00000000eb080000,0x00000000eb080000,0x00000000eb280000)
 ParOldGen       total 263168K, used 233914K [0x00000000c0000000, 0x00000000d0100000, 0x00000000eab00000)
  object space 263168K, 88% used [0x00000000c0000000,0x00000000ce46eb50,0x00000000d0100000)
 Metaspace       used 86003K, committed 87360K, reserved 1130496K
  class space    used 8569K, committed 9216K, reserved 1048576K
}
Event: 382.108 GC heap before
{Heap before GC invocations=1803 (full 34):
 PSYoungGen      total 5120K, used 5056K [0x00000000eab00000, 0x00000000eb280000, 0x0000000100000000)
  eden space 3584K, 100% used [0x00000000eab00000,0x00000000eae80000,0x00000000eae80000)
  from space 1536K, 95% used [0x00000000eae80000,0x00000000eaff0020,0x00000000eb000000)
  to   space 2048K, 0% used [0x00000000eb080000,0x00000000eb080000,0x00000000eb280000)
 ParOldGen       total 263168K, used 233914K [0x00000000c0000000, 0x00000000d0100000, 0x00000000eab00000)
  object space 263168K, 88% used [0x00000000c0000000,0x00000000ce46eb50,0x00000000d0100000)
 Metaspace       used 86003K, committed 87360K, reserved 1130496K
  class space    used 8569K, committed 9216K, reserved 1048576K
}
Event: 382.110 GC heap after
{Heap after GC invocations=1803 (full 34):
 PSYoungGen      total 5120K, used 1056K [0x00000000eab00000, 0x00000000eb200000, 0x0000000100000000)
  eden space 3584K, 0% used [0x00000000eab00000,0x00000000eab00000,0x00000000eae80000)
  from space 1536K, 68% used [0x00000000eb080000,0x00000000eb188010,0x00000000eb200000)
  to   space 1536K, 0% used [0x00000000eae80000,0x00000000eae80000,0x00000000eb000000)
 ParOldGen       total 263168K, used 235333K [0x00000000c0000000, 0x00000000d0100000, 0x00000000eab00000)
  object space 263168K, 89% used [0x00000000c0000000,0x00000000ce5d15e0,0x00000000d0100000)
 Metaspace       used 86003K, committed 87360K, reserved 1130496K
  class space    used 8569K, committed 9216K, reserved 1048576K
}

Dll operation events (11 events):
Event: 0.016 Loaded shared library c:\Users\Antsa\.vscode\extensions\redhat.java-1.16.0-win32-x64\jre\17.0.6-win32-x86_64\bin\java.dll
Event: 0.174 Loaded shared library c:\Users\Antsa\.vscode\extensions\redhat.java-1.16.0-win32-x64\jre\17.0.6-win32-x86_64\bin\zip.dll
Event: 0.178 Loaded shared library C:\Users\Antsa\.vscode\extensions\redhat.java-1.16.0-win32-x64\jre\17.0.6-win32-x86_64\bin\instrument.dll
Event: 0.194 Loaded shared library C:\Users\Antsa\.vscode\extensions\redhat.java-1.16.0-win32-x64\jre\17.0.6-win32-x86_64\bin\net.dll
Event: 0.196 Loaded shared library C:\Users\Antsa\.vscode\extensions\redhat.java-1.16.0-win32-x64\jre\17.0.6-win32-x86_64\bin\nio.dll
Event: 0.204 Loaded shared library C:\Users\Antsa\.vscode\extensions\redhat.java-1.16.0-win32-x64\jre\17.0.6-win32-x86_64\bin\zip.dll
Event: 0.221 Loaded shared library C:\Users\Antsa\.vscode\extensions\redhat.java-1.16.0-win32-x64\jre\17.0.6-win32-x86_64\bin\jimage.dll
Event: 0.288 Loaded shared library c:\Users\Antsa\.vscode\extensions\redhat.java-1.16.0-win32-x64\jre\17.0.6-win32-x86_64\bin\verify.dll
Event: 1.465 Loaded shared library C:\Users\Antsa\AppData\Roaming\Code\User\globalStorage\redhat.java\1.16.0\config_win\org.eclipse.equinox.launcher\org.eclipse.equinox.launcher.win32.win32.x86_64_1.2.700.v20221108-1024\eclipse_11801.dll
Event: 3.317 Loaded shared library C:\Users\Antsa\AppData\Local\Temp\jna-63421013\jna17299654919579396667.dll
Event: 5.012 Loaded shared library C:\Users\Antsa\.vscode\extensions\redhat.java-1.16.0-win32-x64\jre\17.0.6-win32-x86_64\bin\sunmscapi.dll

Deoptimization events (20 events):
Event: 312.621 Thread 0x0000020b5eadcc80 DEOPT PACKING pc=0x0000020b467e7e42 sp=0x000000578a8feac0
Event: 312.621 Thread 0x0000020b5eadcc80 DEOPT UNPACKING pc=0x0000020b4cf0a9e3 sp=0x000000578a8fe008 mode 0
Event: 312.621 Thread 0x0000020b5eadcc80 DEOPT PACKING pc=0x0000020b467e7e42 sp=0x000000578a8feac0
Event: 312.621 Thread 0x0000020b5eadcc80 DEOPT UNPACKING pc=0x0000020b4cf0a9e3 sp=0x000000578a8fe008 mode 0
Event: 312.627 Thread 0x0000020b5eadcc80 DEOPT PACKING pc=0x0000020b467e7e42 sp=0x000000578a8fe4e0
Event: 312.627 Thread 0x0000020b5eadcc80 DEOPT UNPACKING pc=0x0000020b4cf0a9e3 sp=0x000000578a8fda28 mode 0
Event: 378.980 Thread 0x0000020b5abe6d70 Uncommon trap: trap_request=0xffffffbe fr.pc=0x0000020b4e4c26b8 relative=0x0000000000002b78
Event: 378.980 Thread 0x0000020b5abe6d70 Uncommon trap: reason=profile_predicate action=maybe_recompile pc=0x0000020b4e4c26b8 method=java.util.TimSort.gallopRight(Ljava/lang/Object;[Ljava/lang/Object;IIILjava/util/Comparator;)I @ 151 c2
Event: 378.980 Thread 0x0000020b5abe6d70 DEOPT PACKING pc=0x0000020b4e4c26b8 sp=0x000000578cdfe460
Event: 378.980 Thread 0x0000020b5abe6d70 DEOPT UNPACKING pc=0x0000020b4cf09ea3 sp=0x000000578cdfe428 mode 2
Event: 378.980 Thread 0x0000020b5abe6d70 Uncommon trap: trap_request=0xffffffbe fr.pc=0x0000020b4e2a8424 relative=0x0000000000000d04
Event: 378.980 Thread 0x0000020b5abe6d70 Uncommon trap: reason=profile_predicate action=maybe_recompile pc=0x0000020b4e2a8424 method=java.util.TimSort.gallopLeft(Ljava/lang/Object;[Ljava/lang/Object;IIILjava/util/Comparator;)I @ 263 c2
Event: 378.980 Thread 0x0000020b5abe6d70 DEOPT PACKING pc=0x0000020b4e2a8424 sp=0x000000578cdfe490
Event: 378.980 Thread 0x0000020b5abe6d70 DEOPT UNPACKING pc=0x0000020b4cf09ea3 sp=0x000000578cdfe428 mode 2
Event: 378.980 Thread 0x0000020b5abe6d70 Uncommon trap: trap_request=0xffffffbe fr.pc=0x0000020b4e4c2858 relative=0x0000000000002d18
Event: 378.980 Thread 0x0000020b5abe6d70 Uncommon trap: reason=profile_predicate action=maybe_recompile pc=0x0000020b4e4c2858 method=java.util.TimSort.gallopRight(Ljava/lang/Object;[Ljava/lang/Object;IIILjava/util/Comparator;)I @ 62 c2
Event: 378.980 Thread 0x0000020b5abe6d70 DEOPT PACKING pc=0x0000020b4e4c2858 sp=0x000000578cdfe350
Event: 378.980 Thread 0x0000020b5abe6d70 DEOPT UNPACKING pc=0x0000020b4cf09ea3 sp=0x000000578cdfe318 mode 2
Event: 379.144 Thread 0x0000020b5abe6d70 DEOPT PACKING pc=0x0000020b471d8d80 sp=0x000000578cdfd260
Event: 379.144 Thread 0x0000020b5abe6d70 DEOPT UNPACKING pc=0x0000020b4cf0a9e3 sp=0x000000578cdfc720 mode 0

Classes unloaded (7 events):
Event: 2.178 Thread 0x0000020b42dbe510 Unloading class 0x0000000100216400 'java/lang/invoke/LambdaForm$MH+0x0000000100216400'
Event: 2.178 Thread 0x0000020b42dbe510 Unloading class 0x0000000100216000 'java/lang/invoke/LambdaForm$MH+0x0000000100216000'
Event: 2.178 Thread 0x0000020b42dbe510 Unloading class 0x0000000100215c00 'java/lang/invoke/LambdaForm$MH+0x0000000100215c00'
Event: 2.178 Thread 0x0000020b42dbe510 Unloading class 0x0000000100215800 'java/lang/invoke/LambdaForm$MH+0x0000000100215800'
Event: 2.178 Thread 0x0000020b42dbe510 Unloading class 0x0000000100215000 'java/lang/invoke/LambdaForm$BMH+0x0000000100215000'
Event: 2.178 Thread 0x0000020b42dbe510 Unloading class 0x0000000100214c00 'java/lang/invoke/LambdaForm$DMH+0x0000000100214c00'
Event: 2.178 Thread 0x0000020b42dbe510 Unloading class 0x0000000100212000 'java/lang/invoke/LambdaForm$DMH+0x0000000100212000'

Classes redefined (0 events):
No events

Internal exceptions (20 events):
Event: 378.995 Thread 0x0000020b58821d90 Exception <a 'java/lang/NullPointerException'{0x00000000eaeaff78}> (0x00000000eaeaff78) 
thrown [s\src\hotspot\share\interpreter\linkResolver.cpp, line 1350]
Event: 378.995 Thread 0x0000020b58821d90 Exception <a 'java/lang/NullPointerException'{0x00000000eaeb0978}> (0x00000000eaeb0978) 
thrown [s\src\hotspot\share\interpreter\linkResolver.cpp, line 1350]
Event: 378.995 Thread 0x0000020b58821d90 Exception <a 'java/lang/NullPointerException'{0x00000000eaeb1968}> (0x00000000eaeb1968) 
thrown [s\src\hotspot\share\interpreter\linkResolver.cpp, line 1350]
Event: 378.995 Thread 0x0000020b58821d90 Exception <a 'java/lang/NullPointerException'{0x00000000eaeb20b8}> (0x00000000eaeb20b8) 
thrown [s\src\hotspot\share\interpreter\linkResolver.cpp, line 1350]
Event: 378.995 Thread 0x0000020b58821d90 Exception <a 'java/lang/NullPointerException'{0x00000000eaeccc88}> (0x00000000eaeccc88) 
thrown [s\src\hotspot\share\interpreter\linkResolver.cpp, line 1350]
Event: 379.136 Thread 0x0000020b5abe6d70 Exception <a 'java/lang/NullPointerException'{0x00000000eadd9fe8}> (0x00000000eadd9fe8) 
thrown [s\src\hotspot\share\interpreter\linkResolver.cpp, line 1350]
Event: 379.136 Thread 0x0000020b5abe6d70 Exception <a 'java/lang/NullPointerException'{0x00000000eaddac90}> (0x00000000eaddac90) 
thrown [s\src\hotspot\share\interpreter\linkResolver.cpp, line 1350]
Event: 379.136 Thread 0x0000020b5abe6d70 Exception <a 'java/lang/NullPointerException'{0x00000000eaddc168}> (0x00000000eaddc168) 
thrown [s\src\hotspot\share\interpreter\linkResolver.cpp, line 1350]
Event: 379.136 Thread 0x0000020b5abe6d70 Exception <a 'java/lang/NullPointerException'{0x00000000eaddcb60}> (0x00000000eaddcb60) 
thrown [s\src\hotspot\share\interpreter\linkResolver.cpp, line 1350]
Event: 379.136 Thread 0x0000020b5abe6d70 Exception <a 'java/lang/NullPointerException'{0x00000000eade55d8}> (0x00000000eade55d8) 
thrown [s\src\hotspot\share\interpreter\linkResolver.cpp, line 1350]
Event: 381.990 Thread 0x0000020b5abe6d70 Exception <a 'java/lang/NullPointerException'{0x00000000eaef7cd0}> (0x00000000eaef7cd0) 
thrown [s\src\hotspot\share\interpreter\linkResolver.cpp, line 1350]
Event: 381.990 Thread 0x0000020b5abe6d70 Exception <a 'java/lang/NullPointerException'{0x00000000eaef86d0}> (0x00000000eaef86d0) 
thrown [s\src\hotspot\share\interpreter\linkResolver.cpp, line 1350]
Event: 381.990 Thread 0x0000020b5abe6d70 Exception <a 'java/lang/NullPointerException'{0x00000000eaef96c0}> (0x00000000eaef96c0) 
thrown [s\src\hotspot\share\interpreter\linkResolver.cpp, line 1350]
Event: 381.990 Thread 0x0000020b5abe6d70 Exception <a 'java/lang/NullPointerException'{0x00000000eaef9e10}> (0x00000000eaef9e10) 
thrown [s\src\hotspot\share\interpreter\linkResolver.cpp, line 1350]
Event: 381.993 Thread 0x0000020b5abe6d70 Exception <a 'java/lang/NullPointerException'{0x00000000eab02828}> (0x00000000eab02828) 
thrown [s\src\hotspot\share\interpreter\linkResolver.cpp, line 1350]
Event: 382.080 Thread 0x0000020b5abe6d70 Exception <a 'java/lang/NullPointerException'{0x00000000eabd5010}> (0x00000000eabd5010) 
thrown [s\src\hotspot\share\interpreter\linkResolver.cpp, line 1350]
Event: 382.080 Thread 0x0000020b5abe6d70 Exception <a 'java/lang/NullPointerException'{0x00000000eabd5a10}> (0x00000000eabd5a10) 
thrown [s\src\hotspot\share\interpreter\linkResolver.cpp, line 1350]
Event: 382.080 Thread 0x0000020b5abe6d70 Exception <a 'java/lang/NullPointerException'{0x00000000eabd6a00}> (0x00000000eabd6a00) 
thrown [s\src\hotspot\share\interpreter\linkResolver.cpp, line 1350]
Event: 382.080 Thread 0x0000020b5abe6d70 Exception <a 'java/lang/NullPointerException'{0x00000000eabd7150}> (0x00000000eabd7150) 
thrown [s\src\hotspot\share\interpreter\linkResolver.cpp, line 1350]
Event: 382.081 Thread 0x0000020b5abe6d70 Exception <a 'java/lang/NullPointerException'{0x00000000eabdfb90}> (0x00000000eabdfb90) 
thrown [s\src\hotspot\share\interpreter\linkResolver.cpp, line 1350]

VM Operations (20 events):
Event: 379.051 Executing VM operation: ParallelGCFailedAllocation
Event: 379.052 Executing VM operation: ParallelGCFailedAllocation done
Event: 379.140 Executing VM operation: ParallelGCFailedAllocation
Event: 379.142 Executing VM operation: ParallelGCFailedAllocation done
Event: 379.160 Executing VM operation: ParallelGCFailedAllocation
Event: 379.162 Executing VM operation: ParallelGCFailedAllocation done
Event: 379.172 Executing VM operation: ParallelGCFailedAllocation
Event: 379.175 Executing VM operation: ParallelGCFailedAllocation done
Event: 380.188 Executing VM operation: Cleanup
Event: 380.189 Executing VM operation: Cleanup done
Event: 381.991 Executing VM operation: ParallelGCFailedAllocation
Event: 381.992 Executing VM operation: ParallelGCFailedAllocation done
Event: 382.008 Executing VM operation: ParallelGCFailedAllocation
Event: 382.009 Executing VM operation: ParallelGCFailedAllocation done
Event: 382.075 Executing VM operation: ParallelGCFailedAllocation
Event: 382.077 Executing VM operation: ParallelGCFailedAllocation done
Event: 382.091 Executing VM operation: ParallelGCFailedAllocation
Event: 382.092 Executing VM operation: ParallelGCFailedAllocation done
Event: 382.108 Executing VM operation: ParallelGCFailedAllocation
Event: 382.110 Executing VM operation: ParallelGCFailedAllocation done

Events (20 events):
Event: 299.746 Thread 0x0000020b586a7a90 flushing nmethod 0x0000020b47523b90
Event: 299.747 Thread 0x0000020b586a7a90 flushing nmethod 0x0000020b4770e690
Event: 299.748 Thread 0x0000020b586a7a90 flushing nmethod 0x0000020b47791990
Event: 299.748 Thread 0x0000020b586a7a90 flushing nmethod 0x0000020b47793690
Event: 299.748 Thread 0x0000020b586a7a90 flushing nmethod 0x0000020b4779d490
Event: 299.748 Thread 0x0000020b586a7a90 flushing nmethod 0x0000020b47850710
Event: 299.748 Thread 0x0000020b586a7a90 flushing nmethod 0x0000020b4787a310
Event: 299.748 Thread 0x0000020b586a7a90 flushing nmethod 0x0000020b478adb10
Event: 299.748 Thread 0x0000020b586a7a90 flushing nmethod 0x0000020b478bcc10
Event: 302.265 Thread 0x0000020b5ad86570 Thread exited: 0x0000020b5ad86570
Event: 305.124 Thread 0x0000020b5ad86570 Thread added: 0x0000020b5ad86570
Event: 312.603 Thread 0x0000020b5ad86570 Thread exited: 0x0000020b5ad86570
Event: 312.620 Thread 0x0000020b5eadaad0 Thread added: 0x0000020b5eadaad0
Event: 312.620 Thread 0x0000020b5eadf300 Thread added: 0x0000020b5eadf300
Event: 312.620 Thread 0x0000020b5eae14b0 Thread added: 0x0000020b5eae14b0
Event: 312.621 Thread 0x0000020b5eadf300 Thread exited: 0x0000020b5eadf300
Event: 312.621 Thread 0x0000020b5eadaad0 Thread exited: 0x0000020b5eadaad0
Event: 312.621 Thread 0x0000020b5eae14b0 Thread exited: 0x0000020b5eae14b0
Event: 312.640 Thread 0x0000020b5ad86570 Thread added: 0x0000020b5ad86570
Event: 312.763 Thread 0x0000020b5ad86570 Thread exited: 0x0000020b5ad86570


Dynamic libraries:
0x00007ff68d6c0000 - 0x00007ff68d6ce000 	c:\Users\Antsa\.vscode\extensions\redhat.java-1.16.0-win32-x64\jre\17.0.6-win32-x86_64\bin\java.exe
0x00007ff870890000 - 0x00007ff870aa6000 	C:\WINDOWS\SYSTEM32\ntdll.dll
0x00007ff86f340000 - 0x00007ff86f404000 	C:\WINDOWS\System32\KERNEL32.DLL
0x00007ff86dbd0000 - 0x00007ff86df76000 	C:\WINDOWS\System32\KERNELBASE.dll
0x00007ff86e310000 - 0x00007ff86e421000 	C:\WINDOWS\System32\ucrtbase.dll
0x00007ff854fe0000 - 0x00007ff854ff7000 	c:\Users\Antsa\.vscode\extensions\redhat.java-1.16.0-win32-x64\jre\17.0.6-win32-x86_64\bin\jli.dll
0x00007ff854f30000 - 0x00007ff854f49000 	c:\Users\Antsa\.vscode\extensions\redhat.java-1.16.0-win32-x64\jre\17.0.6-win32-x86_64\bin\VCRUNTIME140.dll
0x00007ff86f180000 - 0x00007ff86f32d000 	C:\WINDOWS\System32\USER32.dll
0x00007ff86df80000 - 0x00007ff86dfa6000 	C:\WINDOWS\System32\win32u.dll
0x00007ff86fd20000 - 0x00007ff86fd49000 	C:\WINDOWS\System32\GDI32.dll
0x00007ff86dfb0000 - 0x00007ff86e0c8000 	C:\WINDOWS\System32\gdi32full.dll
0x00007ff8579b0000 - 0x00007ff857c43000 	C:\WINDOWS\WinSxS\amd64_microsoft.windows.common-controls_6595b64144ccf1df_6.0.22621.3235_none_270f74e173860f98\COMCTL32.dll
0x00007ff86e0d0000 - 0x00007ff86e16a000 	C:\WINDOWS\System32\msvcp_win.dll
0x00007ff86ff10000 - 0x00007ff86ffb7000 	C:\WINDOWS\System32\msvcrt.dll
0x00007ff86efa0000 - 0x00007ff86efd1000 	C:\WINDOWS\System32\IMM32.DLL
0x00007ff867110000 - 0x00007ff86711c000 	c:\Users\Antsa\.vscode\extensions\redhat.java-1.16.0-win32-x64\jre\17.0.6-win32-x86_64\bin\vcruntime140_1.dll
0x00007ff854680000 - 0x00007ff854711000 	c:\Users\Antsa\.vscode\extensions\redhat.java-1.16.0-win32-x64\jre\17.0.6-win32-x86_64\bin\msvcp140.dll
0x00007ff808440000 - 0x00007ff809087000 	c:\Users\Antsa\.vscode\extensions\redhat.java-1.16.0-win32-x64\jre\17.0.6-win32-x86_64\bin\server\jvm.dll
0x00007ff8702d0000 - 0x00007ff870382000 	C:\WINDOWS\System32\ADVAPI32.dll
0x00007ff86fd50000 - 0x00007ff86fdf8000 	C:\WINDOWS\System32\sechost.dll
0x00007ff86e2e0000 - 0x00007ff86e308000 	C:\WINDOWS\System32\bcrypt.dll
0x00007ff86f040000 - 0x00007ff86f155000 	C:\WINDOWS\System32\RPCRT4.dll
0x00007ff84f3a0000 - 0x00007ff84f3a9000 	C:\WINDOWS\SYSTEM32\WSOCK32.dll
0x00007ff865210000 - 0x00007ff865244000 	C:\WINDOWS\SYSTEM32\WINMM.dll
0x00007ff870130000 - 0x00007ff8701a1000 	C:\WINDOWS\System32\WS2_32.dll
0x00007ff863760000 - 0x00007ff86376a000 	C:\WINDOWS\SYSTEM32\VERSION.dll
0x00007ff86cca0000 - 0x00007ff86ccb8000 	C:\WINDOWS\SYSTEM32\kernel.appcore.dll
0x00007ff855760000 - 0x00007ff85576a000 	c:\Users\Antsa\.vscode\extensions\redhat.java-1.16.0-win32-x64\jre\17.0.6-win32-x86_64\bin\jimage.dll
0x00007ff868820000 - 0x00007ff868a53000 	C:\WINDOWS\SYSTEM32\DBGHELP.DLL
0x00007ff8703a0000 - 0x00007ff870728000 	C:\WINDOWS\System32\combase.dll
0x00007ff86fc40000 - 0x00007ff86fd17000 	C:\WINDOWS\System32\OLEAUT32.dll
0x00007ff8519b0000 - 0x00007ff8519e2000 	C:\WINDOWS\SYSTEM32\dbgcore.DLL
0x00007ff86e4a0000 - 0x00007ff86e51a000 	C:\WINDOWS\System32\bcryptPrimitives.dll
0x00007ff854fd0000 - 0x00007ff854fde000 	c:\Users\Antsa\.vscode\extensions\redhat.java-1.16.0-win32-x64\jre\17.0.6-win32-x86_64\bin\instrument.dll
0x00007ff854b10000 - 0x00007ff854b35000 	c:\Users\Antsa\.vscode\extensions\redhat.java-1.16.0-win32-x64\jre\17.0.6-win32-x86_64\bin\java.dll
0x00007ff854ad0000 - 0x00007ff854ae8000 	c:\Users\Antsa\.vscode\extensions\redhat.java-1.16.0-win32-x64\jre\17.0.6-win32-x86_64\bin\zip.dll
0x00007ff86e640000 - 0x00007ff86ee9c000 	C:\WINDOWS\System32\SHELL32.dll
0x00007ff86baf0000 - 0x00007ff86c3e8000 	C:\WINDOWS\SYSTEM32\windows.storage.dll
0x00007ff86b9b0000 - 0x00007ff86baee000 	C:\WINDOWS\SYSTEM32\wintypes.dll
0x00007ff8701b0000 - 0x00007ff8702a3000 	C:\WINDOWS\System32\SHCORE.dll
0x00007ff86e5e0000 - 0x00007ff86e63e000 	C:\WINDOWS\System32\shlwapi.dll
0x00007ff86db00000 - 0x00007ff86db26000 	C:\WINDOWS\SYSTEM32\profapi.dll
0x00007ff8548f0000 - 0x00007ff854909000 	C:\Users\Antsa\.vscode\extensions\redhat.java-1.16.0-win32-x64\jre\17.0.6-win32-x86_64\bin\net.dll
0x00007ff867250000 - 0x00007ff867387000 	C:\WINDOWS\SYSTEM32\WINHTTP.dll
0x00007ff86d180000 - 0x00007ff86d1e9000 	C:\WINDOWS\system32\mswsock.dll
0x00007ff8548d0000 - 0x00007ff8548e5000 	C:\Users\Antsa\.vscode\extensions\redhat.java-1.16.0-win32-x64\jre\17.0.6-win32-x86_64\bin\nio.dll
0x00007ff854b00000 - 0x00007ff854b10000 	c:\Users\Antsa\.vscode\extensions\redhat.java-1.16.0-win32-x64\jre\17.0.6-win32-x86_64\bin\verify.dll
0x00007ff854640000 - 0x00007ff85467e000 	C:\Users\Antsa\AppData\Roaming\Code\User\globalStorage\redhat.java\1.16.0\config_win\org.eclipse.equinox.launcher\org.eclipse.equinox.launcher.win32.win32.x86_64_1.2.700.v20221108-1024\eclipse_11801.dll
0x00007ff86faa0000 - 0x00007ff86fc3f000 	C:\WINDOWS\System32\ole32.dll
0x00007ff86d3d0000 - 0x00007ff86d3eb000 	C:\WINDOWS\SYSTEM32\CRYPTSP.dll
0x00007ff86cc60000 - 0x00007ff86cc95000 	C:\WINDOWS\system32\rsaenh.dll
0x00007ff86d270000 - 0x00007ff86d29c000 	C:\WINDOWS\SYSTEM32\USERENV.dll
0x00007ff86d3f0000 - 0x00007ff86d3fc000 	C:\WINDOWS\SYSTEM32\CRYPTBASE.dll
0x00007ff86c6d0000 - 0x00007ff86c6fd000 	C:\WINDOWS\SYSTEM32\IPHLPAPI.DLL
0x00007ff86ffc0000 - 0x00007ff86ffc9000 	C:\WINDOWS\System32\NSI.dll
0x00007ff865e40000 - 0x00007ff865e59000 	C:\WINDOWS\SYSTEM32\dhcpcsvc6.DLL
0x00007ff865a80000 - 0x00007ff865a9f000 	C:\WINDOWS\SYSTEM32\dhcpcsvc.DLL
0x00007ff86c740000 - 0x00007ff86c839000 	C:\WINDOWS\SYSTEM32\DNSAPI.dll
0x00007ff8545f0000 - 0x00007ff854635000 	C:\Users\Antsa\AppData\Local\Temp\jna-63421013\jna17299654919579396667.dll
0x00007ff870790000 - 0x00007ff870798000 	C:\WINDOWS\System32\PSAPI.DLL
0x00007ff8577c0000 - 0x00007ff8577ce000 	C:\Users\Antsa\.vscode\extensions\redhat.java-1.16.0-win32-x64\jre\17.0.6-win32-x86_64\bin\sunmscapi.dll
0x00007ff86e170000 - 0x00007ff86e2d6000 	C:\WINDOWS\System32\CRYPT32.dll
0x00007ff86d570000 - 0x00007ff86d59e000 	C:\WINDOWS\SYSTEM32\ncrypt.dll
0x00007ff86d530000 - 0x00007ff86d567000 	C:\WINDOWS\SYSTEM32\NTASN1.dll
0x00007ff864e60000 - 0x00007ff864e6a000 	C:\Windows\System32\rasadhlp.dll

dbghelp: loaded successfully - version: 4.0.5 - missing functions: none
symbol engine: initialized successfully - sym options: 0x614 - pdb path: .;c:\Users\Antsa\.vscode\extensions\redhat.java-1.16.0-win32-x64\jre\17.0.6-win32-x86_64\bin;C:\WINDOWS\SYSTEM32;C:\WINDOWS\WinSxS\amd64_microsoft.windows.common-controls_6595b64144ccf1df_6.0.22621.3235_none_270f74e173860f98;c:\Users\Antsa\.vscode\extensions\redhat.java-1.16.0-win32-x64\jre\17.0.6-win32-x86_64\bin\server;C:\Users\Antsa\AppData\Roaming\Code\User\globalStorage\redhat.java\1.16.0\config_win\org.eclipse.equinox.launcher\org.eclipse.equinox.launcher.win32.win32.x86_64_1.2.700.v20221108-1024;C:\Users\Antsa\AppData\Local\Temp\jna-63421013

VM Arguments:
jvm_args: --add-modules=ALL-SYSTEM --add-opens=java.base/java.util=ALL-UNNAMED --add-opens=java.base/java.lang=ALL-UNNAMED --add-opens=java.base/sun.nio.fs=ALL-UNNAMED -Declipse.application=org.eclipse.jdt.ls.core.id1 -Dosgi.bundles.defaultStartLevel=4 -Declipse.product=org.eclipse.jdt.ls.core.product -Djava.import.generatesMetadataFilesAtProjectRoot=false -Dfile.encoding=utf8 -XX:+UseParallelGC -XX:GCTimeRatio=4 -XX:AdaptiveSizePolicyWeight=90 -Dsun.zip.disableMemoryMapping=true -Xmx1G -Xms100m -Xlog:disable -javaagent:c:\Users\Antsa\.vscode\extensions\redhat.java-1.16.0-win32-x64\lombok\lombok-1.18.24.jar -XX:+HeapDumpOnOutOfMemoryError -XX:HeapDumpPath=c:\Users\Antsa\AppData\Roaming\Code\User\workspaceStorage\a0d9fd492c732b32e2550aa84963da6a\redhat.java 
java_command: c:\Users\Antsa\.vscode\extensions\redhat.java-1.16.0-win32-x64\server\plugins\org.eclipse.equinox.launcher_1.6.400.v20210924-0641.jar -configuration c:\Users\Antsa\AppData\Roaming\Code\User\globalStorage\redhat.java\1.16.0\config_win -data c:\Users\Antsa\AppData\Roaming\Code\User\workspaceStorage\a0d9fd492c732b32e2550aa84963da6a\redhat.java\jdt_ws
java_class_path (initial): c:\Users\Antsa\.vscode\extensions\redhat.java-1.16.0-win32-x64\server\plugins\org.eclipse.equinox.launcher_1.6.400.v20210924-0641.jar
Launcher Type: SUN_STANDARD

[Global flags]
    uintx AdaptiveSizePolicyWeight                 = 90                                        {product} {command line}
     intx CICompilerCount                          = 4                                         {product} {ergonomic}
    uintx GCTimeRatio                              = 4                                         {product} {command line}
     bool HeapDumpOnOutOfMemoryError               = true                                   {manageable} {command line}
    ccstr HeapDumpPath                             = c:\Users\Antsa\AppData\Roaming\Code\User\workspaceStorage\a0d9fd492c732b32e2550aa84963da6a\redhat.java         {manageable} {command line}
   size_t InitialHeapSize                          = 104857600                                 {product} {command line}
   size_t MaxHeapSize                              = 1073741824                                {product} {command line}
   size_t MaxNewSize                               = 357564416                                 {product} {ergonomic}
   size_t MinHeapDeltaBytes                        = 524288                                    {product} {ergonomic}
   size_t MinHeapSize                              = 104857600                                 {product} {command line}
   size_t NewSize                                  = 34603008                                  {product} {ergonomic}
    uintx NonNMethodCodeHeapSize                   = 5839372                                {pd product} {ergonomic}
    uintx NonProfiledCodeHeapSize                  = 122909434                              {pd product} {ergonomic}
   size_t OldSize                                  = 70254592                                  {product} {ergonomic}
    uintx ProfiledCodeHeapSize                     = 122909434                              {pd product} {ergonomic}
    uintx ReservedCodeCacheSize                    = 251658240                              {pd product} {ergonomic}
     bool SegmentedCodeCache                       = true                                      {product} {ergonomic}
   size_t SoftMaxHeapSize                          = 1073741824                             {manageable} {ergonomic}
     bool UseCompressedClassPointers               = true                           {product lp64_product} {ergonomic}
     bool UseCompressedOops                        = true                           {product lp64_product} {ergonomic}
     bool UseLargePagesIndividualAllocation        = false                                  {pd product} {ergonomic}
     bool UseParallelGC                            = true                                      {product} {command line}

Logging:
Log output configuration:
 #0: stdout all=off uptime,level,tags
 #1: stderr all=off uptime,level,tags

Environment Variables:
JAVA_HOME=C:\Program Files\Eclipse Adoptium\jdk-17.0.8.7-hotspot
CLASSPATH=.;C:\servlet-api.jar;C:\postgres.jar;C:\mp3agic-0.9.1.jar;C:\target\sample-project-1.0.0.jar;C:\ojdbc6.jar;C:\gson-2.8.2.jar;C:\jung_algorithms_2.0.1.jar;C:\jung_api_2.0.1.jar;C:\jung_graph_impl_2.0.1.jar;C:\jung_visualization_2.0.1.jar;C:\jung_collections_generic_4.01.jar;
PATH=C:\Python312\Scripts\;C:\Python312\;C:\Program Files\Eclipse Adoptium\jdk-17.0.8.7-hotspot\bin;C:\Program Files\Microsoft\jdk-11.0.16.101-hotspot\bin;C:\Program Files\Java\jdk-14.0.1\bin;C:\Users\Kakana\product\11.2.0\dbhome_1\bin;C:\app\Antsa\product\11.2.0\dbhome_2\bin;C:\app\Antsa\product\11.2.0\dbhome_1\bin;C:\Users\Antsa\Downloads\WINDOWS.X64_180000_db_home\bin;C:\WINDOWS\system32;C:\WINDOWS;C:\WINDOWS\System32\Wbem;C:\WINDOWS\System32\WindowsPowerShell\v1.0\;C:\WINDOWS\System32\OpenSSH\;C:\MinGW\bin;C:\ProgramData\Oracle\Java\javapath;C:\Program Files\PostgreSQL\10\bin;C:\Program Files\apache-maven-3.8.6\bin;C:\UwAmp\bin\php\php-5.4.31;C:\UwAmp\bin\php\php-5.4.31\ext;C:\Program Files\dotnet\;C:\Program Files\Git\cmd;C:\instantclient_19_6;C:\Program Files (x86)\Microsoft SQL Server\160\DTS\Binn\;C:\Program Files\Azure Data Studio\bin;C:\Program Files\Microsoft SQL Server\150\Tools\Binn\;C:\Program Files\Microsoft SQL Server\Client SDK\ODBC\170\Tools\Binn\;C:\Program Files (x86)\Microsoft SQL Server\160\Tools\Binn\;C:\Program Files\Microsoft SQL Server\160\Tools\Binn\;C:\Program Files\Microsoft SQL Server\160\DTS\Binn\;C:\Program Files\nodejs\;C:\ProgramData\chocolatey\bin;C:\Program Files\Docker\Docker\resources\bin;C:\xampp\php;C:\composer;C:\Program Files\Eclipse Adoptium\jdk-17.0.8.7-hotspot\bin;C:\Program Files\apache-maven-3.8.6\bin;C:\Users\Antsa\AppData\Local\Microsoft\WindowsApps;C:\Users\Antsa\AppData\Local\Programs\Microsoft VS Code\bin;C:\Program Files\Java\jdk-14.0.1\bin;C:\Program Files\JetBrains\IntelliJ IDEA Community Edition 2022.1\bin;;C:\Program Files\JetBrains\DataGrip 2022.3.1\bin;;C:\Users\Antsa\AppData\Local\GitHubDesktop\bin;C:\Program Files\Azure Data Studio\bin;C:\Users\Antsa\.dotnet\tools;C:\Users\Antsa\AppData\Roaming\npm;C:\Users\Antsa\AppData\Roaming\Composer\vendor\bin
USERNAME=Antsa
OS=Windows_NT
PROCESSOR_IDENTIFIER=Intel64 Family 6 Model 140 Stepping 1, GenuineIntel
TMP=C:\Users\Antsa\AppData\Local\Temp
TEMP=C:\Users\Antsa\AppData\Local\Temp



---------------  S Y S T E M  ---------------

OS:
 Windows 11 , 64 bit Build 22621 (10.0.22621.3235)
OS uptime: 0 days 11:51 hours
Hyper-V role detected

CPU: total 8 (initial active 8) (4 cores per cpu, 2 threads per core) family 6 model 140 stepping 1 microcode 0x86, cx8, cmov, fxsr, ht, mmx, 3dnowpref, sse, sse2, sse3, ssse3, sse4.1, sse4.2, popcnt, lzcnt, tsc, tscinvbit, avx, avx2, aes, erms, clmul, bmi1, bmi2, adx, avx512f, avx512dq, avx512cd, avx512bw, avx512vl, sha, fma, vzeroupper, avx512_vpopcntdq, avx512_vpclmulqdq, avx512_vaes, avx512_vnni, clflush, clflushopt, clwb, avx512_vbmi2, avx512_vbmi, hv

Memory: 4k page, system-wide physical 7987M (316M free)
TotalPageFile size 10035M (AvailPageFile size 9M)
current process WorkingSet (physical memory assigned to process): 527M, peak: 580M
current process commit charge ("private bytes"): 579M, peak: 636M

vm_info: OpenJDK 64-Bit Server VM (17.0.6+10) for windows-amd64 JRE (17.0.6+10), built on Jan 18 2023 10:08:59 by "temurin" with MS VC++ 16.7 (VS2019)

END.
